TN:
SF:.eslintrc.js
FNF:0
FNH:0
DA:1,0
LF:1
LH:0
BRDA:14,0,0,0
BRDA:14,0,1,0
BRDA:15,1,0,0
BRDA:15,1,1,0
BRF:4
BRH:0
end_of_record
TN:
SF:babel.config.js
FNF:0
FNH:0
DA:1,0
LF:1
LH:0
BRF:0
BRH:0
end_of_record
TN:
SF:vetur.config.js
FNF:0
FNH:0
DA:3,0
LF:1
LH:0
BRF:0
BRH:0
end_of_record
TN:
SF:vue.config.js
FNF:0
FNH:0
DA:1,0
LF:1
LH:0
BRF:0
BRH:0
end_of_record
TN:
SF:coverage\lcov-report\block-navigation.js
FN:2,init
FN:24,toggleClass
FN:31,makeCurrent
FN:41,goToPrevious
FN:52,goToNext
FN:65,jump
FNF:6
FNH:0
FNDA:0,init
FNDA:0,toggleClass
FNDA:0,makeCurrent
FNDA:0,goToPrevious
FNDA:0,goToNext
FNDA:0,jump
DA:2,0
DA:4,0
DA:7,0
DA:10,0
DA:14,0
DA:20,0
DA:25,0
DA:28,0
DA:32,0
DA:33,0
DA:34,0
DA:42,0
DA:43,0
DA:44,0
DA:45,0
DA:46,0
DA:49,0
DA:53,0
DA:55,0
DA:59,0
DA:62,0
DA:65,0
DA:66,0
DA:71,0
DA:74,0
DA:77,0
DA:78,0
DA:82,0
DA:83,0
DA:87,0
LF:30
LH:0
BRDA:43,0,0,0
BRDA:43,0,1,0
BRDA:43,1,0,0
BRDA:43,1,1,0
BRDA:45,2,0,0
BRDA:45,2,1,0
BRDA:55,3,0,0
BRDA:55,3,1,0
BRDA:56,4,0,0
BRDA:56,4,1,0
BRDA:66,5,0,0
BRDA:66,5,1,0
BRDA:67,6,0,0
BRDA:67,6,1,0
BRDA:74,7,0,0
BRDA:74,7,1,0
BRDA:74,7,2,0
BRDA:74,7,3,0
BRDA:74,7,4,0
BRF:19
BRH:0
end_of_record
TN:
SF:coverage\lcov-report\prettify.js
FN:2,(anonymous_0)
FN:2,k
FN:2,ab
FN:2,T
FN:2,X
FN:2,(anonymous_5)
FN:2,W
FN:2,(anonymous_7)
FN:2,a
FN:2,aa
FN:2,B
FN:2,o
FN:2,g
FN:2,(anonymous_13)
FN:2,(anonymous_14)
FN:2,i
FN:2,Q
FN:2,ae
FN:2,ad
FN:2,ai
FN:2,D
FN:2,c
FN:2,q
FN:2,d
FN:2,y
FN:2,b
FN:2,Y
FN:2,(anonymous_27)
FN:2,U
FNF:29
FNH:0
FNDA:0,(anonymous_0)
FNDA:0,k
FNDA:0,ab
FNDA:0,T
FNDA:0,X
FNDA:0,(anonymous_5)
FNDA:0,W
FNDA:0,(anonymous_7)
FNDA:0,a
FNDA:0,aa
FNDA:0,B
FNDA:0,o
FNDA:0,g
FNDA:0,(anonymous_13)
FNDA:0,(anonymous_14)
FNDA:0,i
FNDA:0,Q
FNDA:0,ae
FNDA:0,ad
FNDA:0,ai
FNDA:0,D
FNDA:0,c
FNDA:0,q
FNDA:0,d
FNDA:0,y
FNDA:0,b
FNDA:0,Y
FNDA:0,(anonymous_27)
FNDA:0,U
DA:2,0
LF:1
LH:0
BRDA:2,0,0,0
BRDA:2,0,1,0
BRDA:2,1,0,0
BRDA:2,1,1,0
BRDA:2,2,0,0
BRDA:2,2,1,0
BRDA:2,3,0,0
BRDA:2,3,1,0
BRDA:2,4,0,0
BRDA:2,4,1,0
BRDA:2,5,0,0
BRDA:2,5,1,0
BRDA:2,6,0,0
BRDA:2,6,1,0
BRDA:2,7,0,0
BRDA:2,7,1,0
BRDA:2,8,0,0
BRDA:2,8,1,0
BRDA:2,9,0,0
BRDA:2,9,1,0
BRDA:2,10,0,0
BRDA:2,10,1,0
BRDA:2,11,0,0
BRDA:2,11,1,0
BRDA:2,11,2,0
BRDA:2,11,3,0
BRDA:2,12,0,0
BRDA:2,12,1,0
BRDA:2,13,0,0
BRDA:2,13,1,0
BRDA:2,14,0,0
BRDA:2,14,1,0
BRDA:2,15,0,0
BRDA:2,15,1,0
BRDA:2,16,0,0
BRDA:2,16,1,0
BRDA:2,17,0,0
BRDA:2,17,1,0
BRDA:2,18,0,0
BRDA:2,18,1,0
BRDA:2,19,0,0
BRDA:2,19,1,0
BRDA:2,20,0,0
BRDA:2,20,1,0
BRDA:2,21,0,0
BRDA:2,21,1,0
BRDA:2,22,0,0
BRDA:2,22,1,0
BRDA:2,23,0,0
BRDA:2,23,1,0
BRDA:2,24,0,0
BRDA:2,24,1,0
BRDA:2,25,0,0
BRDA:2,25,1,0
BRDA:2,26,0,0
BRDA:2,26,1,0
BRDA:2,27,0,0
BRDA:2,27,1,0
BRDA:2,28,0,0
BRDA:2,28,1,0
BRDA:2,29,0,0
BRDA:2,29,1,0
BRDA:2,30,0,0
BRDA:2,30,1,0
BRDA:2,31,0,0
BRDA:2,31,1,0
BRDA:2,32,0,0
BRDA:2,32,1,0
BRDA:2,33,0,0
BRDA:2,33,1,0
BRDA:2,34,0,0
BRDA:2,34,1,0
BRDA:2,35,0,0
BRDA:2,35,1,0
BRDA:2,36,0,0
BRDA:2,36,1,0
BRDA:2,37,0,0
BRDA:2,37,1,0
BRDA:2,38,0,0
BRDA:2,38,1,0
BRDA:2,39,0,0
BRDA:2,39,1,0
BRDA:2,40,0,0
BRDA:2,40,1,0
BRDA:2,41,0,0
BRDA:2,41,1,0
BRDA:2,42,0,0
BRDA:2,42,1,0
BRDA:2,43,0,0
BRDA:2,43,1,0
BRDA:2,44,0,0
BRDA:2,44,1,0
BRDA:2,45,0,0
BRDA:2,45,1,0
BRDA:2,46,0,0
BRDA:2,46,1,0
BRDA:2,47,0,0
BRDA:2,47,1,0
BRDA:2,48,0,0
BRDA:2,48,1,0
BRDA:2,49,0,0
BRDA:2,49,1,0
BRDA:2,50,0,0
BRDA:2,50,1,0
BRDA:2,50,2,0
BRDA:2,51,0,0
BRDA:2,51,1,0
BRDA:2,52,0,0
BRDA:2,52,1,0
BRDA:2,53,0,0
BRDA:2,53,1,0
BRDA:2,54,0,0
BRDA:2,54,1,0
BRDA:2,55,0,0
BRDA:2,55,1,0
BRDA:2,56,0,0
BRDA:2,56,1,0
BRDA:2,57,0,0
BRDA:2,57,1,0
BRDA:2,58,0,0
BRDA:2,58,1,0
BRDA:2,59,0,0
BRDA:2,59,1,0
BRDA:2,60,0,0
BRDA:2,60,1,0
BRDA:2,61,0,0
BRDA:2,61,1,0
BRDA:2,62,0,0
BRDA:2,62,1,0
BRDA:2,63,0,0
BRDA:2,63,1,0
BRDA:2,64,0,0
BRDA:2,64,1,0
BRDA:2,65,0,0
BRDA:2,65,1,0
BRDA:2,66,0,0
BRDA:2,66,1,0
BRDA:2,67,0,0
BRDA:2,67,1,0
BRDA:2,68,0,0
BRDA:2,68,1,0
BRDA:2,69,0,0
BRDA:2,69,1,0
BRDA:2,70,0,0
BRDA:2,70,1,0
BRDA:2,71,0,0
BRDA:2,71,1,0
BRDA:2,72,0,0
BRDA:2,72,1,0
BRDA:2,73,0,0
BRDA:2,73,1,0
BRDA:2,74,0,0
BRDA:2,74,1,0
BRDA:2,75,0,0
BRDA:2,75,1,0
BRDA:2,76,0,0
BRDA:2,76,1,0
BRDA:2,77,0,0
BRDA:2,77,1,0
BRDA:2,78,0,0
BRDA:2,78,1,0
BRDA:2,79,0,0
BRDA:2,79,1,0
BRDA:2,80,0,0
BRDA:2,80,1,0
BRDA:2,81,0,0
BRDA:2,81,1,0
BRDA:2,82,0,0
BRDA:2,82,1,0
BRDA:2,83,0,0
BRDA:2,83,1,0
BRDA:2,84,0,0
BRDA:2,84,1,0
BRDA:2,85,0,0
BRDA:2,85,1,0
BRDA:2,86,0,0
BRDA:2,86,1,0
BRDA:2,87,0,0
BRDA:2,87,1,0
BRDA:2,88,0,0
BRDA:2,88,1,0
BRDA:2,89,0,0
BRDA:2,89,1,0
BRDA:2,89,2,0
BRDA:2,90,0,0
BRDA:2,90,1,0
BRDA:2,91,0,0
BRDA:2,91,1,0
BRDA:2,92,0,0
BRDA:2,92,1,0
BRDA:2,93,0,0
BRDA:2,93,1,0
BRDA:2,94,0,0
BRDA:2,94,1,0
BRDA:2,95,0,0
BRDA:2,95,1,0
BRDA:2,96,0,0
BRDA:2,96,1,0
BRDA:2,97,0,0
BRDA:2,97,1,0
BRDA:2,98,0,0
BRDA:2,98,1,0
BRDA:2,99,0,0
BRDA:2,99,1,0
BRDA:2,100,0,0
BRDA:2,100,1,0
BRDA:2,101,0,0
BRDA:2,101,1,0
BRDA:2,102,0,0
BRDA:2,102,1,0
BRDA:2,103,0,0
BRDA:2,103,1,0
BRDA:2,104,0,0
BRDA:2,104,1,0
BRDA:2,105,0,0
BRDA:2,105,1,0
BRDA:2,106,0,0
BRDA:2,106,1,0
BRDA:2,107,0,0
BRDA:2,107,1,0
BRDA:2,108,0,0
BRDA:2,108,1,0
BRDA:2,109,0,0
BRDA:2,109,1,0
BRDA:2,110,0,0
BRDA:2,110,1,0
BRDA:2,111,0,0
BRDA:2,111,1,0
BRDA:2,112,0,0
BRDA:2,112,1,0
BRDA:2,113,0,0
BRDA:2,113,1,0
BRDA:2,114,0,0
BRDA:2,114,1,0
BRDA:2,115,0,0
BRDA:2,115,1,0
BRDA:2,116,0,0
BRDA:2,116,1,0
BRDA:2,117,0,0
BRDA:2,117,1,0
BRDA:2,118,0,0
BRDA:2,118,1,0
BRDA:2,119,0,0
BRDA:2,119,1,0
BRDA:2,120,0,0
BRDA:2,120,1,0
BRDA:2,121,0,0
BRDA:2,121,1,0
BRDA:2,122,0,0
BRDA:2,122,1,0
BRDA:2,123,0,0
BRDA:2,123,1,0
BRDA:2,124,0,0
BRDA:2,124,1,0
BRDA:2,125,0,0
BRDA:2,125,1,0
BRDA:2,126,0,0
BRDA:2,126,1,0
BRDA:2,127,0,0
BRDA:2,127,1,0
BRDA:2,128,0,0
BRDA:2,128,1,0
BRDA:2,128,2,0
BRDA:2,129,0,0
BRDA:2,129,1,0
BRDA:2,130,0,0
BRDA:2,130,1,0
BRDA:2,131,0,0
BRDA:2,131,1,0
BRDA:2,131,2,0
BRDA:2,131,3,0
BRDA:2,131,4,0
BRDA:2,132,0,0
BRDA:2,132,1,0
BRDA:2,133,0,0
BRDA:2,133,1,0
BRDA:2,134,0,0
BRDA:2,134,1,0
BRDA:2,135,0,0
BRDA:2,135,1,0
BRDA:2,136,0,0
BRDA:2,136,1,0
BRDA:2,137,0,0
BRDA:2,137,1,0
BRDA:2,138,0,0
BRDA:2,138,1,0
BRF:286
BRH:0
end_of_record
TN:
SF:coverage\lcov-report\sorter.js
FN:2,(anonymous_0)
FN:11,getTable
FN:15,getTableHeader
FN:19,getTableBody
FN:23,getNthColumn
FN:27,onFilterInput
FN:45,addSearchBox
FN:53,loadColumns
FN:78,loadRowData
FN:97,loadData
FN:106,sortByIndex
FN:108,(anonymous_11)
FN:120,(anonymous_12)
FN:137,removeSortIndicators
FN:145,addSortIndicators
FN:151,enableUI
FN:154,ithSorter
FN:157,(anonymous_17)
FN:184,(anonymous_18)
FNF:19
FNH:0
FNDA:0,(anonymous_0)
FNDA:0,getTable
FNDA:0,getTableHeader
FNDA:0,getTableBody
FNDA:0,getNthColumn
FNDA:0,onFilterInput
FNDA:0,addSearchBox
FNDA:0,loadColumns
FNDA:0,loadRowData
FNDA:0,loadData
FNDA:0,sortByIndex
FNDA:0,(anonymous_11)
FNDA:0,(anonymous_12)
FNDA:0,removeSortIndicators
FNDA:0,addSortIndicators
FNDA:0,enableUI
FNDA:0,ithSorter
FNDA:0,(anonymous_17)
FNDA:0,(anonymous_18)
DA:2,0
DA:5,0
DA:12,0
DA:16,0
DA:20,0
DA:24,0
DA:28,0
DA:29,0
DA:30,0
DA:31,0
DA:32,0
DA:37,0
DA:39,0
DA:46,0
DA:47,0
DA:48,0
DA:49,0
DA:54,0
DA:56,0
DA:60,0
DA:61,0
DA:62,0
DA:67,0
DA:68,0
DA:69,0
DA:70,0
DA:74,0
DA:79,0
DA:82,0
DA:85,0
DA:86,0
DA:87,0
DA:88,0
DA:89,0
DA:90,0
DA:92,0
DA:94,0
DA:98,0
DA:101,0
DA:102,0
DA:107,0
DA:108,0
DA:109,0
DA:110,0
DA:111,0
DA:113,0
DA:114,0
DA:115,0
DA:116,0
DA:119,0
DA:120,0
DA:121,0
DA:125,0
DA:126,0
DA:127,0
DA:130,0
DA:132,0
DA:133,0
DA:138,0
DA:139,0
DA:141,0
DA:142,0
DA:146,0
DA:154,0
DA:155,0
DA:157,0
DA:158,0
DA:160,0
DA:161,0
DA:163,0
DA:164,0
DA:165,0
DA:166,0
DA:167,0
DA:170,0
DA:171,0
DA:174,0
DA:175,0
DA:176,0
DA:178,0
DA:184,0
DA:185,0
DA:186,0
DA:188,0
DA:189,0
DA:190,0
DA:191,0
DA:192,0
DA:196,0
LF:89
LH:0
BRDA:32,0,0,0
BRDA:32,0,1,0
BRDA:65,1,0,0
BRDA:65,1,1,0
BRDA:68,2,0,0
BRDA:68,2,1,0
BRDA:89,3,0,0
BRDA:89,3,1,0
BRDA:111,4,0,0
BRDA:111,4,1,0
BRDA:111,5,0,0
BRDA:111,5,1,0
BRDA:119,6,0,0
BRDA:119,6,1,0
BRDA:146,7,0,0
BRDA:146,7,1,0
BRDA:160,8,0,0
BRDA:160,8,1,0
BRDA:171,9,0,0
BRDA:171,9,1,0
BRDA:175,10,0,0
BRDA:175,10,1,0
BRDA:185,11,0,0
BRDA:185,11,1,0
BRF:24
BRH:0
end_of_record
TN:
SF:src\App.vue
FN:33,shouldShowMainNav
FN:36,shouldHideAboutAndFooter
FN:40,created
FNF:3
FNH:0
FNDA:0,shouldShowMainNav
FNDA:0,shouldHideAboutAndFooter
FNDA:0,created
DA:16,0
DA:17,0
DA:18,0
DA:19,0
DA:20,0
DA:34,0
DA:37,0
DA:41,0
LF:8
LH:0
BRF:0
BRH:0
end_of_record
TN:
SF:src\main.js
FN:31,(anonymous_0)
FN:32,(anonymous_1)
FN:41,(anonymous_2)
FN:58,(anonymous_3)
FN:75,(anonymous_4)
FN:95,(anonymous_5)
FNF:6
FNH:0
FNDA:0,(anonymous_0)
FNDA:0,(anonymous_1)
FNDA:0,(anonymous_2)
FNDA:0,(anonymous_3)
FNDA:0,(anonymous_4)
FNDA:0,(anonymous_5)
DA:18,0
DA:19,0
DA:21,0
DA:24,0
DA:27,0
DA:28,0
DA:31,0
DA:32,0
DA:33,0
DA:34,0
DA:36,0
DA:41,0
DA:42,0
DA:47,0
DA:48,0
DA:49,0
DA:51,0
DA:54,0
DA:58,0
DA:59,0
DA:60,0
DA:61,0
DA:62,0
DA:63,0
DA:64,0
DA:65,0
DA:66,0
DA:68,0
DA:71,0
DA:75,0
DA:76,0
DA:81,0
DA:83,0
DA:86,0
DA:91,0
DA:95,0
LF:36
LH:0
BRDA:32,0,0,0
BRDA:32,0,1,0
BRDA:33,1,0,0
BRDA:33,1,1,0
BRDA:41,2,0,0
BRDA:41,2,1,0
BRDA:42,3,0,0
BRDA:42,3,1,0
BRDA:43,4,0,0
BRDA:43,4,1,0
BRDA:43,4,2,0
BRDA:58,5,0,0
BRDA:58,5,1,0
BRDA:59,6,0,0
BRDA:59,6,1,0
BRDA:59,7,0,0
BRDA:59,7,1,0
BRDA:59,7,2,0
BRDA:62,8,0,0
BRDA:62,8,1,0
BRDA:62,9,0,0
BRDA:62,9,1,0
BRDA:62,9,2,0
BRDA:62,9,3,0
BRDA:64,10,0,0
BRDA:64,10,1,0
BRDA:75,11,0,0
BRDA:75,11,1,0
BRDA:76,12,0,0
BRDA:76,12,1,0
BRDA:77,13,0,0
BRDA:77,13,1,0
BRDA:77,13,2,0
BRF:33
BRH:0
end_of_record
TN:
SF:src\components\BaseShareComponent.vue
FN:29,data
FNF:1
FNH:0
FNDA:0,data
DA:30,0
LF:1
LH:0
BRF:0
BRH:0
end_of_record
TN:
SF:src\components\BaseViewedCard.vue
FNF:0
FNH:0
DA:17,0
LF:1
LH:0
BRF:0
BRH:0
end_of_record
TN:
SF:src\components\Button.vue
FN:11,onClick
FNF:1
FNH:0
FNDA:0,onClick
DA:12,0
LF:1
LH:0
BRF:0
BRH:0
end_of_record
TN:
SF:src\components\FavoritePropertiesComponent.vue
FN:76,data
FN:89,formatDate
FN:130,commaFormatted
FN:134,onRemove
FN:135,(anonymous_5)
FN:148,created
FNF:6
FNH:0
FNDA:0,data
FNDA:0,formatDate
FNDA:0,commaFormatted
FNDA:0,onRemove
FNDA:0,(anonymous_5)
FNDA:0,created
DA:67,0
DA:68,0
DA:70,0
DA:77,0
DA:90,0
DA:91,0
DA:92,0
DA:93,0
DA:94,0
DA:97,0
DA:99,0
DA:100,0
DA:102,0
DA:103,0
DA:105,0
DA:106,0
DA:108,0
DA:109,0
DA:111,0
DA:112,0
DA:114,0
DA:115,0
DA:117,0
DA:118,0
DA:120,0
DA:121,0
DA:123,0
DA:126,0
DA:128,0
DA:131,0
DA:132,0
DA:134,0
DA:135,0
DA:136,0
DA:140,0
DA:141,0
DA:149,0
DA:153,0
LF:38
LH:0
BRDA:97,0,0,0
BRDA:97,0,1,0
BRDA:97,0,2,0
BRDA:97,0,3,0
BRDA:97,0,4,0
BRDA:97,0,5,0
BRDA:97,0,6,0
BRDA:97,0,7,0
BRDA:97,0,8,0
BRF:9
BRH:0
end_of_record
TN:
SF:src\components\HelloWorld.vue
FN:98,data
FNF:1
FNH:0
FNDA:0,data
DA:98,0
LF:1
LH:0
BRF:0
BRH:0
end_of_record
TN:
SF:src\components\HomeComponent.vue
FN:377,data
FN:394,searchProperties
FN:404,(anonymous_3)
FN:411,fetchAutoCompleteWordsDelay
FN:430,mounted
FN:433,created
FNF:6
FNH:0
FNDA:0,data
FNDA:0,searchProperties
FNDA:0,(anonymous_3)
FNDA:0,fetchAutoCompleteWordsDelay
FNDA:0,mounted
FNDA:0,created
DA:367,0
DA:368,0
DA:377,0
DA:394,0
DA:395,0
DA:396,0
DA:398,0
DA:400,0
DA:404,0
DA:406,0
DA:407,0
DA:408,0
DA:411,0
DA:414,0
DA:417,0
DA:431,0
DA:434,0
DA:435,0
DA:436,0
LF:19
LH:0
BRDA:395,0,0,0
BRDA:395,0,1,0
BRDA:411,1,0,0
BRDA:411,1,1,0
BRDA:411,1,2,0
BRDA:411,1,3,0
BRDA:411,1,4,0
BRF:7
BRH:0
end_of_record
TN:
SF:src\components\LearnComponent.vue
FN:168,created
FNF:1
FNH:0
FNDA:0,created
DA:162,0
DA:169,0
LF:2
LH:0
BRF:0
BRH:0
end_of_record
TN:
SF:src\components\MainNav.vue
FN:237,data
FN:260,created
FN:265,logingOut
FN:279,sendIdToGlobalState
FNF:4
FNH:0
FNDA:0,data
FNDA:0,created
FNDA:0,logingOut
FNDA:0,sendIdToGlobalState
DA:227,0
DA:228,0
DA:229,0
DA:237,0
DA:261,0
DA:265,0
DA:266,0
DA:270,0
DA:273,0
DA:279,0
LF:10
LH:0
BRDA:265,0,0,0
BRDA:265,0,1,0
BRDA:265,0,2,0
BRDA:265,0,3,0
BRDA:265,0,4,0
BRDA:279,1,0,0
BRDA:279,1,1,0
BRDA:279,1,2,0
BRF:8
BRH:0
end_of_record
TN:
SF:src\components\MobileMainNav.vue
FN:102,data
FN:108,created
FN:113,logingOut
FNF:3
FNH:0
FNDA:0,data
FNDA:0,created
FNDA:0,logingOut
DA:95,0
DA:96,0
DA:102,0
DA:109,0
DA:113,0
DA:116,0
LF:6
LH:0
BRDA:113,0,0,0
BRDA:113,0,1,0
BRDA:113,0,2,0
BRDA:113,0,3,0
BRDA:113,0,4,0
BRF:5
BRH:0
end_of_record
TN:
SF:src\components\PropertiesForSaleComponent.vue
FN:154,data
FN:173,defaultResponse
FN:177,(anonymous_3)
FN:183,commaFormatted
FN:187,formatDate
FN:206,onRemove
FN:207,(anonymous_7)
FN:216,onAdd
FN:217,(anonymous_9)
FN:226,showLoginMessage
FN:229,fetchAllProperties
FN:234,(anonymous_15)
FN:239,(anonymous_16)
FN:248,resetSelection
FN:255,logActivity
FN:270,filteredProperties
FN:272,(anonymous_20)
FN:276,(anonymous_21)
FN:285,(anonymous_23)
FN:292,(anonymous_25)
FN:301,propertyCategories
FN:302,(anonymous_28)
FN:304,propertyLocation
FN:305,(anonymous_31)
FN:307,propertyCost
FN:308,(anonymous_34)
FN:311,(anonymous_35)
FN:312,(anonymous_36)
FN:315,created
FNF:29
FNH:0
FNDA:0,data
FNDA:0,defaultResponse
FNDA:0,(anonymous_3)
FNDA:0,commaFormatted
FNDA:0,formatDate
FNDA:0,onRemove
FNDA:0,(anonymous_7)
FNDA:0,onAdd
FNDA:0,(anonymous_9)
FNDA:0,showLoginMessage
FNDA:0,fetchAllProperties
FNDA:0,(anonymous_15)
FNDA:0,(anonymous_16)
FNDA:0,resetSelection
FNDA:0,logActivity
FNDA:0,filteredProperties
FNDA:0,(anonymous_20)
FNDA:0,(anonymous_21)
FNDA:0,(anonymous_23)
FNDA:0,(anonymous_25)
FNDA:0,propertyCategories
FNDA:0,(anonymous_28)
FNDA:0,propertyLocation
FNDA:0,(anonymous_31)
FNDA:0,propertyCost
FNDA:0,(anonymous_34)
FNDA:0,(anonymous_35)
FNDA:0,(anonymous_36)
FNDA:0,created
DA:143,0
DA:144,0
DA:146,0
DA:147,0
DA:155,0
DA:173,0
DA:174,0
DA:175,0
DA:176,0
DA:177,0
DA:178,0
DA:179,0
DA:180,0
DA:184,0
DA:185,0
DA:188,0
DA:189,0
DA:190,0
DA:191,0
DA:193,0
DA:204,0
DA:206,0
DA:207,0
DA:209,0
DA:213,0
DA:216,0
DA:217,0
DA:219,0
DA:223,0
DA:227,0
DA:229,0
DA:233,0
DA:234,0
DA:236,0
DA:237,0
DA:239,0
DA:241,0
DA:245,0
DA:249,0
DA:250,0
DA:251,0
DA:252,0
DA:256,0
DA:260,0
DA:270,0
DA:271,0
DA:272,0
DA:273,0
DA:274,0
DA:275,0
DA:276,0
DA:278,0
DA:282,0
DA:283,0
DA:284,0
DA:285,0
DA:287,0
DA:292,0
DA:294,0
DA:301,0
DA:302,0
DA:304,0
DA:305,0
DA:308,0
DA:309,0
DA:311,0
DA:312,0
DA:316,0
DA:317,0
LF:69
LH:0
BRDA:204,0,0,0
BRDA:204,0,1,0
BRDA:229,1,0,0
BRDA:229,1,1,0
BRDA:229,1,2,0
BRDA:229,1,3,0
BRDA:229,1,4,0
BRDA:233,2,0,0
BRDA:233,2,1,0
BRDA:236,3,0,0
BRDA:249,4,0,0
BRDA:249,5,0,0
BRDA:249,5,1,0
BRDA:271,6,0,0
BRDA:271,6,1,0
BRDA:271,7,0,0
BRDA:271,7,1,0
BRDA:273,8,0,0
BRDA:273,8,1,0
BRDA:278,9,0,0
BRDA:278,9,1,0
BRDA:282,10,0,0
BRDA:284,11,0,0
BRDA:284,11,1,0
BRDA:287,12,0,0
BRDA:287,12,1,0
BRDA:294,13,0,0
BRDA:294,13,1,0
BRF:28
BRH:0
end_of_record
TN:
SF:src\components\PropertyCard.vue
FNF:0
FNH:0
DA:29,0
LF:1
LH:0
BRF:0
BRH:0
end_of_record
TN:
SF:src\components\PropertyForRentComponent.vue
FN:153,data
FN:172,defaultResponse
FN:176,(anonymous_3)
FN:182,commaFormatted
FN:186,formatDate
FN:205,onRemove
FN:206,(anonymous_7)
FN:215,onAdd
FN:216,(anonymous_9)
FN:225,showLoginMessage
FN:228,fetchAllRentalProperties
FN:233,(anonymous_15)
FN:238,(anonymous_16)
FN:247,resetSelection
FN:254,logActivity
FN:269,filteredProperties
FN:271,(anonymous_20)
FN:275,(anonymous_21)
FN:284,(anonymous_23)
FN:291,(anonymous_25)
FN:300,propertyCategories
FN:301,(anonymous_28)
FN:303,propertyLocation
FN:304,(anonymous_31)
FN:306,propertyCost
FN:307,(anonymous_34)
FN:310,(anonymous_35)
FN:311,(anonymous_36)
FN:314,created
FNF:29
FNH:0
FNDA:0,data
FNDA:0,defaultResponse
FNDA:0,(anonymous_3)
FNDA:0,commaFormatted
FNDA:0,formatDate
FNDA:0,onRemove
FNDA:0,(anonymous_7)
FNDA:0,onAdd
FNDA:0,(anonymous_9)
FNDA:0,showLoginMessage
FNDA:0,fetchAllRentalProperties
FNDA:0,(anonymous_15)
FNDA:0,(anonymous_16)
FNDA:0,resetSelection
FNDA:0,logActivity
FNDA:0,filteredProperties
FNDA:0,(anonymous_20)
FNDA:0,(anonymous_21)
FNDA:0,(anonymous_23)
FNDA:0,(anonymous_25)
FNDA:0,propertyCategories
FNDA:0,(anonymous_28)
FNDA:0,propertyLocation
FNDA:0,(anonymous_31)
FNDA:0,propertyCost
FNDA:0,(anonymous_34)
FNDA:0,(anonymous_35)
FNDA:0,(anonymous_36)
FNDA:0,created
DA:143,0
DA:144,0
DA:145,0
DA:146,0
DA:154,0
DA:172,0
DA:173,0
DA:174,0
DA:175,0
DA:176,0
DA:177,0
DA:178,0
DA:179,0
DA:183,0
DA:184,0
DA:187,0
DA:188,0
DA:189,0
DA:190,0
DA:192,0
DA:203,0
DA:205,0
DA:206,0
DA:208,0
DA:212,0
DA:215,0
DA:216,0
DA:218,0
DA:222,0
DA:226,0
DA:228,0
DA:232,0
DA:233,0
DA:235,0
DA:236,0
DA:238,0
DA:240,0
DA:244,0
DA:248,0
DA:249,0
DA:250,0
DA:251,0
DA:255,0
DA:259,0
DA:269,0
DA:270,0
DA:271,0
DA:272,0
DA:273,0
DA:274,0
DA:275,0
DA:277,0
DA:281,0
DA:282,0
DA:283,0
DA:284,0
DA:286,0
DA:291,0
DA:293,0
DA:300,0
DA:301,0
DA:303,0
DA:304,0
DA:307,0
DA:308,0
DA:310,0
DA:311,0
DA:315,0
DA:316,0
LF:69
LH:0
BRDA:203,0,0,0
BRDA:203,0,1,0
BRDA:228,1,0,0
BRDA:228,1,1,0
BRDA:228,1,2,0
BRDA:228,1,3,0
BRDA:228,1,4,0
BRDA:232,2,0,0
BRDA:232,2,1,0
BRDA:235,3,0,0
BRDA:248,4,0,0
BRDA:248,5,0,0
BRDA:248,5,1,0
BRDA:270,6,0,0
BRDA:270,6,1,0
BRDA:270,7,0,0
BRDA:270,7,1,0
BRDA:272,8,0,0
BRDA:272,8,1,0
BRDA:277,9,0,0
BRDA:277,9,1,0
BRDA:281,10,0,0
BRDA:283,11,0,0
BRDA:283,11,1,0
BRDA:286,12,0,0
BRDA:286,12,1,0
BRDA:293,13,0,0
BRDA:293,13,1,0
BRF:28
BRH:0
end_of_record
TN:
SF:src\components\RecentActivities.vue
FN:66,data
FN:75,defaultResponse
FN:79,(anonymous_3)
FN:85,formatDate
FN:123,fetchRecentlyViewedProperties
FN:142,created
FNF:6
FNH:0
FNDA:0,data
FNDA:0,defaultResponse
FNDA:0,(anonymous_3)
FNDA:0,formatDate
FNDA:0,fetchRecentlyViewedProperties
FNDA:0,created
DA:55,0
DA:59,0
DA:60,0
DA:67,0
DA:75,0
DA:76,0
DA:77,0
DA:78,0
DA:79,0
DA:80,0
DA:81,0
DA:82,0
DA:86,0
DA:87,0
DA:88,0
DA:89,0
DA:92,0
DA:94,0
DA:95,0
DA:97,0
DA:98,0
DA:100,0
DA:101,0
DA:103,0
DA:104,0
DA:106,0
DA:107,0
DA:109,0
DA:110,0
DA:112,0
DA:113,0
DA:115,0
DA:116,0
DA:118,0
DA:119,0
DA:121,0
DA:123,0
DA:125,0
DA:126,0
DA:127,0
DA:128,0
DA:129,0
DA:130,0
DA:131,0
DA:132,0
DA:135,0
DA:143,0
DA:147,0
LF:48
LH:0
BRDA:92,0,0,0
BRDA:92,0,1,0
BRDA:92,0,2,0
BRDA:92,0,3,0
BRDA:92,0,4,0
BRDA:92,0,5,0
BRDA:92,0,6,0
BRDA:92,0,7,0
BRDA:92,0,8,0
BRDA:123,1,0,0
BRDA:123,1,1,0
BRDA:123,1,2,0
BRDA:123,1,3,0
BRDA:123,1,4,0
BRDA:123,1,5,0
BRDA:127,2,0,0
BRDA:127,2,1,0
BRDA:127,3,0,0
BRDA:127,3,1,0
BRDA:129,4,0,0
BRDA:129,4,1,0
BRDA:129,5,0,0
BRDA:129,5,1,0
BRDA:131,6,0,0
BRDA:131,7,0,0
BRDA:131,7,1,0
BRF:26
BRH:0
end_of_record
TN:
SF:src\components\SearchPropertiesComponent.vue
FN:165,data
FN:182,commaFormatted
FN:186,formatDate
FN:224,onRemove
FN:225,(anonymous_5)
FN:234,onAdd
FN:235,(anonymous_7)
FN:244,showLoginMessage
FN:247,(anonymous_9)
FN:252,closeFavoriteDialog
FN:256,searchProperties
FN:284,created
FNF:12
FNH:0
FNDA:0,data
FNDA:0,commaFormatted
FNDA:0,formatDate
FNDA:0,onRemove
FNDA:0,(anonymous_5)
FNDA:0,onAdd
FNDA:0,(anonymous_7)
FNDA:0,showLoginMessage
FNDA:0,(anonymous_9)
FNDA:0,closeFavoriteDialog
FNDA:0,searchProperties
FNDA:0,created
DA:154,0
DA:155,0
DA:156,0
DA:157,0
DA:165,0
DA:183,0
DA:184,0
DA:187,0
DA:188,0
DA:189,0
DA:190,0
DA:193,0
DA:195,0
DA:196,0
DA:198,0
DA:199,0
DA:201,0
DA:202,0
DA:204,0
DA:205,0
DA:207,0
DA:208,0
DA:210,0
DA:211,0
DA:213,0
DA:214,0
DA:216,0
DA:217,0
DA:219,0
DA:220,0
DA:222,0
DA:224,0
DA:225,0
DA:227,0
DA:231,0
DA:234,0
DA:235,0
DA:237,0
DA:241,0
DA:244,0
DA:245,0
DA:246,0
DA:247,0
DA:248,0
DA:249,0
DA:253,0
DA:254,0
DA:256,0
DA:258,0
DA:259,0
DA:261,0
DA:264,0
DA:268,0
DA:269,0
DA:271,0
DA:285,0
DA:286,0
DA:287,0
LF:58
LH:0
BRDA:193,0,0,0
BRDA:193,0,1,0
BRDA:193,0,2,0
BRDA:193,0,3,0
BRDA:193,0,4,0
BRDA:193,0,5,0
BRDA:193,0,6,0
BRDA:193,0,7,0
BRDA:193,0,8,0
BRDA:256,1,0,0
BRDA:256,1,1,0
BRDA:256,1,2,0
BRDA:256,1,3,0
BRDA:256,1,4,0
BRDA:258,2,0,0
BRDA:258,2,1,0
BRF:16
BRH:0
end_of_record
TN:
SF:src\components\SellerPropertyDetailComponent.vue
FN:26,_default
FN:30,_default
FNF:2
FNH:0
FNDA:0,_default
FNDA:0,_default
DA:17,0
DA:26,0
DA:30,0
LF:3
LH:0
BRF:0
BRH:0
end_of_record
TN:
SF:src\components\ServiceProviderCard.vue
FN:23,data
FNF:1
FNH:0
FNDA:0,data
DA:23,0
LF:1
LH:0
BRF:0
BRH:0
end_of_record
TN:
SF:src\components\ServiceProviderComponent.vue
FN:137,data
FN:161,filteredProviders
FN:166,(anonymous_3)
FN:170,(anonymous_4)
FN:177,(anonymous_6)
FN:183,sortedProviderNumber
FN:184,(anonymous_9)
FN:190,sortedProviderName
FN:191,(anonymous_12)
FN:193,vendorCategory
FN:194,(anonymous_15)
FN:201,(anonymous_17)
FN:212,created
FN:230,resetSelection
FN:236,defaultResponse
FN:240,(anonymous_24)
FN:259,likingVendor
FN:277,unlikingVendor
FN:295,vendorAlreadyLikedOrDisliked
FN:302,loginRequired
FNF:20
FNH:0
FNDA:0,data
FNDA:0,filteredProviders
FNDA:0,(anonymous_3)
FNDA:0,(anonymous_4)
FNDA:0,(anonymous_6)
FNDA:0,sortedProviderNumber
FNDA:0,(anonymous_9)
FNDA:0,sortedProviderName
FNDA:0,(anonymous_12)
FNDA:0,vendorCategory
FNDA:0,(anonymous_15)
FNDA:0,(anonymous_17)
FNDA:0,created
FNDA:0,resetSelection
FNDA:0,defaultResponse
FNDA:0,(anonymous_24)
FNDA:0,likingVendor
FNDA:0,unlikingVendor
FNDA:0,vendorAlreadyLikedOrDisliked
FNDA:0,loginRequired
DA:134,0
DA:135,0
DA:138,0
DA:161,0
DA:162,0
DA:166,0
DA:168,0
DA:169,0
DA:170,0
DA:172,0
DA:175,0
DA:176,0
DA:177,0
DA:179,0
DA:183,0
DA:184,0
DA:186,0
DA:190,0
DA:191,0
DA:193,0
DA:194,0
DA:196,0
DA:201,0
DA:203,0
DA:204,0
DA:205,0
DA:208,0
DA:213,0
DA:217,0
DA:218,0
DA:219,0
DA:231,0
DA:232,0
DA:233,0
DA:236,0
DA:237,0
DA:238,0
DA:239,0
DA:240,0
DA:241,0
DA:242,0
DA:243,0
DA:259,0
DA:260,0
DA:264,0
DA:269,0
DA:270,0
DA:271,0
DA:274,0
DA:277,0
DA:278,0
DA:282,0
DA:287,0
DA:288,0
DA:289,0
DA:292,0
DA:296,0
DA:297,0
DA:299,0
DA:303,0
DA:304,0
DA:306,0
LF:62
LH:0
BRDA:139,0,0,0
BRDA:139,0,1,0
BRDA:162,1,0,0
BRDA:162,2,0,0
BRDA:162,2,1,0
BRDA:162,2,2,0
BRDA:162,2,3,0
BRDA:168,3,0,0
BRDA:168,4,0,0
BRDA:168,4,1,0
BRDA:175,5,0,0
BRDA:175,6,0,0
BRDA:175,6,1,0
BRDA:201,7,0,0
BRDA:201,7,1,0
BRDA:201,7,2,0
BRDA:201,7,3,0
BRDA:201,7,4,0
BRDA:204,8,0,0
BRDA:231,9,0,0
BRDA:231,10,0,0
BRDA:231,10,1,0
BRDA:259,11,0,0
BRDA:259,11,1,0
BRDA:259,11,2,0
BRDA:259,11,3,0
BRDA:259,11,4,0
BRDA:270,12,0,0
BRDA:277,13,0,0
BRDA:277,13,1,0
BRDA:277,13,2,0
BRDA:277,13,3,0
BRDA:277,13,4,0
BRDA:288,14,0,0
BRDA:296,15,0,0
BRDA:296,15,1,0
BRDA:303,16,0,0
BRDA:303,16,1,0
BRF:38
BRH:0
end_of_record
TN:
SF:src\components\TopNav.vue
FN:116,data
FN:125,userIntials
FN:127,(anonymous_3)
FN:130,created
FN:136,defaultResponse
FN:140,(anonymous_6)
FN:146,fetchUserFavoriteCount
FN:158,logingOut
FN:172,navigateToFavoriteScreen
FNF:9
FNH:0
FNDA:0,data
FNDA:0,userIntials
FNDA:0,(anonymous_3)
FNDA:0,created
FNDA:0,defaultResponse
FNDA:0,(anonymous_6)
FNDA:0,fetchUserFavoriteCount
FNDA:0,logingOut
FNDA:0,navigateToFavoriteScreen
DA:113,0
DA:117,0
DA:125,0
DA:126,0
DA:127,0
DA:131,0
DA:132,0
DA:136,0
DA:137,0
DA:138,0
DA:139,0
DA:140,0
DA:141,0
DA:142,0
DA:143,0
DA:146,0
DA:149,0
DA:150,0
DA:151,0
DA:158,0
DA:159,0
DA:163,0
DA:166,0
DA:173,0
LF:24
LH:0
BRDA:126,0,0,0
BRDA:126,0,1,0
BRDA:146,1,0,0
BRDA:146,1,1,0
BRDA:146,1,2,0
BRDA:146,1,3,0
BRDA:146,1,4,0
BRDA:146,1,5,0
BRDA:146,2,0,0
BRDA:150,3,0,0
BRDA:158,4,0,0
BRDA:158,4,1,0
BRDA:158,4,2,0
BRDA:158,4,3,0
BRDA:158,4,4,0
BRF:15
BRH:0
end_of_record
TN:
SF:src\components\UserAcquiredPropertiesComponent.vue
FN:55,data
FN:106,defaultResponse
FN:110,(anonymous_3)
FN:116,fetchCurrentUserAcquiredProperties
FN:120,(anonymous_7)
FN:140,fetchCurrentUserAcquiredRentals
FN:144,(anonymous_11)
FN:166,created
FNF:8
FNH:0
FNDA:0,data
FNDA:0,defaultResponse
FNDA:0,(anonymous_3)
FNDA:0,fetchCurrentUserAcquiredProperties
FNDA:0,(anonymous_7)
FNDA:0,fetchCurrentUserAcquiredRentals
FNDA:0,(anonymous_11)
FNDA:0,created
DA:51,0
DA:55,0
DA:106,0
DA:107,0
DA:108,0
DA:109,0
DA:110,0
DA:111,0
DA:112,0
DA:113,0
DA:116,0
DA:118,0
DA:119,0
DA:120,0
DA:121,0
DA:134,0
DA:137,0
DA:140,0
DA:142,0
DA:143,0
DA:144,0
DA:145,0
DA:159,0
DA:162,0
DA:167,0
DA:171,0
DA:172,0
LF:27
LH:0
BRDA:116,0,0,0
BRDA:116,0,1,0
BRDA:116,0,2,0
BRDA:116,0,3,0
BRDA:116,0,4,0
BRDA:119,1,0,0
BRDA:119,1,1,0
BRDA:140,2,0,0
BRDA:140,2,1,0
BRDA:140,2,2,0
BRDA:140,2,3,0
BRDA:140,2,4,0
BRDA:143,3,0,0
BRDA:143,3,1,0
BRF:14
BRH:0
end_of_record
TN:
SF:src\components\UserInterestedPropertiesComponent.vue
FN:55,data
FN:110,defaultResponse
FN:114,(anonymous_3)
FN:120,fetchCurrentUserProperties
FN:124,(anonymous_7)
FN:145,fetchCurrentUserRentals
FN:149,(anonymous_11)
FN:171,created
FNF:8
FNH:0
FNDA:0,data
FNDA:0,defaultResponse
FNDA:0,(anonymous_3)
FNDA:0,fetchCurrentUserProperties
FNDA:0,(anonymous_7)
FNDA:0,fetchCurrentUserRentals
FNDA:0,(anonymous_11)
FNDA:0,created
DA:51,0
DA:55,0
DA:110,0
DA:111,0
DA:112,0
DA:113,0
DA:114,0
DA:115,0
DA:116,0
DA:117,0
DA:120,0
DA:122,0
DA:123,0
DA:124,0
DA:125,0
DA:139,0
DA:142,0
DA:145,0
DA:147,0
DA:148,0
DA:149,0
DA:150,0
DA:164,0
DA:167,0
DA:172,0
DA:176,0
DA:177,0
LF:27
LH:0
BRDA:120,0,0,0
BRDA:120,0,1,0
BRDA:120,0,2,0
BRDA:120,0,3,0
BRDA:120,0,4,0
BRDA:123,1,0,0
BRDA:123,1,1,0
BRDA:145,2,0,0
BRDA:145,2,1,0
BRDA:145,2,2,0
BRDA:145,2,3,0
BRDA:145,2,4,0
BRDA:148,3,0,0
BRDA:148,3,1,0
BRF:14
BRH:0
end_of_record
TN:
SF:src\components\UserLogs.vue
FN:37,data
FN:47,defaultResponse
FN:51,(anonymous_3)
FN:57,fetchUserLogs
FN:68,created
FNF:5
FNH:0
FNDA:0,data
FNDA:0,defaultResponse
FNDA:0,(anonymous_3)
FNDA:0,fetchUserLogs
FNDA:0,created
DA:34,0
DA:37,0
DA:47,0
DA:48,0
DA:49,0
DA:50,0
DA:51,0
DA:52,0
DA:53,0
DA:54,0
DA:57,0
DA:59,0
DA:60,0
DA:61,0
DA:64,0
DA:69,0
LF:16
LH:0
BRDA:57,0,0,0
BRDA:57,0,1,0
BRDA:57,0,2,0
BRDA:57,0,3,0
BRDA:57,0,4,0
BRDA:60,1,0,0
BRF:6
BRH:0
end_of_record
TN:
SF:src\components\ViewProperty.vue
FN:432,data
FN:489,items
FN:490,(anonymous_3)
FN:492,length
FN:495,dollarExchange
FN:498,(anonymous_6)
FN:500,spreadFeatures
FN:501,(anonymous_8)
FN:523,defaultResponse
FN:527,(anonymous_10)
FN:534,confirmIfPropertyIsAlreaydAddedToInterests
FN:546,expressInterestInProperty
FN:565,addUserView
FN:570,commaFormatted
FN:574,onRemove
FN:577,onAdd
FN:580,showLoginMessage
FN:583,(anonymous_22)
FN:588,showLoginInterestMessage
FN:591,(anonymous_24)
FN:596,closeFavoriteDialog
FN:601,mounted
FNF:22
FNH:0
FNDA:0,data
FNDA:0,items
FNDA:0,(anonymous_3)
FNDA:0,length
FNDA:0,dollarExchange
FNDA:0,(anonymous_6)
FNDA:0,spreadFeatures
FNDA:0,(anonymous_8)
FNDA:0,defaultResponse
FNDA:0,(anonymous_10)
FNDA:0,confirmIfPropertyIsAlreaydAddedToInterests
FNDA:0,expressInterestInProperty
FNDA:0,addUserView
FNDA:0,commaFormatted
FNDA:0,onRemove
FNDA:0,onAdd
FNDA:0,showLoginMessage
FNDA:0,(anonymous_22)
FNDA:0,showLoginInterestMessage
FNDA:0,(anonymous_24)
FNDA:0,closeFavoriteDialog
FNDA:0,mounted
DA:421,0
DA:422,0
DA:423,0
DA:424,0
DA:425,0
DA:426,0
DA:432,0
DA:490,0
DA:493,0
DA:495,0
DA:498,0
DA:501,0
DA:502,0
DA:523,0
DA:524,0
DA:525,0
DA:526,0
DA:527,0
DA:528,0
DA:529,0
DA:530,0
DA:534,0
DA:537,0
DA:538,0
DA:539,0
DA:542,0
DA:546,0
DA:548,0
DA:549,0
DA:550,0
DA:551,0
DA:552,0
DA:556,0
DA:558,0
DA:561,0
DA:566,0
DA:567,0
DA:571,0
DA:572,0
DA:575,0
DA:578,0
DA:580,0
DA:581,0
DA:582,0
DA:583,0
DA:584,0
DA:585,0
DA:588,0
DA:589,0
DA:590,0
DA:591,0
DA:592,0
DA:593,0
DA:597,0
DA:598,0
DA:602,0
DA:603,0
DA:604,0
DA:605,0
DA:606,0
DA:607,0
DA:608,0
DA:609,0
LF:63
LH:0
BRDA:534,0,0,0
BRDA:534,0,1,0
BRDA:534,0,2,0
BRDA:534,0,3,0
BRDA:534,0,4,0
BRDA:534,1,0,0
BRDA:538,2,0,0
BRDA:546,3,0,0
BRDA:546,3,1,0
BRDA:546,3,2,0
BRDA:546,3,3,0
BRDA:546,3,4,0
BRDA:549,4,0,0
BRDA:549,4,1,0
BRDA:566,5,0,0
BRF:15
BRH:0
end_of_record
TN:
SF:src\components\ViewRentalProperty.vue
FN:356,data
FN:427,dollarExchange
FN:428,(anonymous_3)
FN:430,spreadFeatures
FN:431,(anonymous_5)
FN:451,defaultResponse
FN:455,(anonymous_7)
FN:462,confirmIfPropertyIsAlreaydAddedToInterests
FN:474,expressInterestInProperty
FN:493,commaFormatted
FN:497,onRemove
FN:498,(anonymous_16)
FN:507,onAdd
FN:508,(anonymous_18)
FN:517,showLoginMessage
FN:520,(anonymous_20)
FN:525,showLoginInterestMessage
FN:528,(anonymous_22)
FN:533,closeFavoriteDialog
FN:537,emailOwner
FN:545,callOwner
FN:554,mounted
FNF:22
FNH:0
FNDA:0,data
FNDA:0,dollarExchange
FNDA:0,(anonymous_3)
FNDA:0,spreadFeatures
FNDA:0,(anonymous_5)
FNDA:0,defaultResponse
FNDA:0,(anonymous_7)
FNDA:0,confirmIfPropertyIsAlreaydAddedToInterests
FNDA:0,expressInterestInProperty
FNDA:0,commaFormatted
FNDA:0,onRemove
FNDA:0,(anonymous_16)
FNDA:0,onAdd
FNDA:0,(anonymous_18)
FNDA:0,showLoginMessage
FNDA:0,(anonymous_20)
FNDA:0,showLoginInterestMessage
FNDA:0,(anonymous_22)
FNDA:0,closeFavoriteDialog
FNDA:0,emailOwner
FNDA:0,callOwner
FNDA:0,mounted
DA:345,0
DA:346,0
DA:347,0
DA:348,0
DA:349,0
DA:350,0
DA:356,0
DA:427,0
DA:428,0
DA:431,0
DA:432,0
DA:451,0
DA:452,0
DA:453,0
DA:454,0
DA:455,0
DA:456,0
DA:457,0
DA:458,0
DA:462,0
DA:465,0
DA:466,0
DA:467,0
DA:470,0
DA:474,0
DA:476,0
DA:477,0
DA:478,0
DA:479,0
DA:480,0
DA:484,0
DA:486,0
DA:489,0
DA:494,0
DA:495,0
DA:497,0
DA:498,0
DA:500,0
DA:504,0
DA:507,0
DA:508,0
DA:510,0
DA:514,0
DA:517,0
DA:518,0
DA:519,0
DA:520,0
DA:521,0
DA:522,0
DA:525,0
DA:526,0
DA:527,0
DA:528,0
DA:529,0
DA:530,0
DA:534,0
DA:535,0
DA:537,0
DA:538,0
DA:545,0
DA:546,0
DA:555,0
DA:559,0
DA:560,0
DA:561,0
DA:562,0
DA:563,0
DA:564,0
DA:565,0
LF:69
LH:0
BRDA:462,0,0,0
BRDA:462,0,1,0
BRDA:462,0,2,0
BRDA:462,0,3,0
BRDA:462,0,4,0
BRDA:462,1,0,0
BRDA:466,2,0,0
BRDA:474,3,0,0
BRDA:474,3,1,0
BRDA:474,3,2,0
BRDA:474,3,3,0
BRDA:474,3,4,0
BRDA:477,4,0,0
BRDA:477,4,1,0
BRDA:537,5,0,0
BRDA:537,5,1,0
BRDA:537,5,2,0
BRDA:545,6,0,0
BRDA:545,6,1,0
BRDA:545,6,2,0
BRF:20
BRH:0
end_of_record
TN:
SF:src\config\connections.js
FN:13,(anonymous_0)
FN:25,(anonymous_1)
FN:30,(anonymous_2)
FN:41,(anonymous_3)
FNF:4
FNH:0
FNDA:0,(anonymous_0)
FNDA:0,(anonymous_1)
FNDA:0,(anonymous_2)
FNDA:0,(anonymous_3)
DA:9,0
DA:10,0
DA:12,0
DA:14,0
DA:23,0
DA:26,0
DA:29,0
DA:31,0
DA:39,0
DA:42,0
LF:10
LH:0
BRF:0
BRH:0
end_of_record
TN:
SF:src\config\urls.js
FNF:0
FNH:0
DA:1,0
LF:1
LH:0
BRF:0
BRH:0
end_of_record
TN:
SF:src\helpers\helpers.js
FN:23,(anonymous_0)
FNF:1
FNH:0
FNDA:0,(anonymous_0)
DA:23,0
DA:24,0
DA:25,0
DA:26,0
DA:27,0
DA:29,0
DA:31,0
DA:33,0
DA:35,0
DA:37,0
DA:39,0
DA:41,0
DA:43,0
DA:45,0
DA:47,0
DA:49,0
LF:16
LH:0
BRDA:29,0,0,0
BRDA:29,0,1,0
BRDA:29,0,2,0
BRDA:29,0,3,0
BRDA:29,0,4,0
BRDA:29,0,5,0
BRDA:29,0,6,0
BRDA:29,0,7,0
BRDA:29,0,8,0
BRF:9
BRH:0
end_of_record
TN:
SF:src\plugins\interceptor.js
FNF:0
FNH:0
LF:0
LH:0
BRF:0
BRH:0
end_of_record
TN:
SF:src\plugins\vuetify.js
FNF:0
FNH:0
DA:5,0
DA:6,0
LF:2
LH:0
BRF:0
BRH:0
end_of_record
TN:
SF:src\router\index.js
FN:10,(anonymous_0)
FN:18,(anonymous_1)
FN:24,(anonymous_2)
FN:29,(anonymous_3)
FN:37,(anonymous_4)
FN:46,(anonymous_5)
FN:55,(anonymous_6)
FN:63,(anonymous_7)
FN:72,(anonymous_8)
FN:83,(anonymous_9)
FN:88,(anonymous_10)
FN:97,(anonymous_11)
FN:102,(anonymous_12)
FN:107,(anonymous_13)
FN:117,(anonymous_14)
FN:127,(anonymous_15)
FN:137,(anonymous_16)
FN:147,(anonymous_17)
FN:157,(anonymous_18)
FN:167,(anonymous_19)
FN:177,(anonymous_20)
FN:186,(anonymous_21)
FN:194,(anonymous_22)
FN:202,(anonymous_23)
FN:207,(anonymous_24)
FN:216,(anonymous_25)
FN:225,(anonymous_26)
FN:231,(anonymous_27)
FN:236,(anonymous_28)
FN:241,(anonymous_29)
FN:247,(anonymous_30)
FN:255,(anonymous_31)
FN:260,(anonymous_32)
FN:265,(anonymous_33)
FN:270,(anonymous_34)
FNF:35
FNH:0
FNDA:0,(anonymous_0)
FNDA:0,(anonymous_1)
FNDA:0,(anonymous_2)
FNDA:0,(anonymous_3)
FNDA:0,(anonymous_4)
FNDA:0,(anonymous_5)
FNDA:0,(anonymous_6)
FNDA:0,(anonymous_7)
FNDA:0,(anonymous_8)
FNDA:0,(anonymous_9)
FNDA:0,(anonymous_10)
FNDA:0,(anonymous_11)
FNDA:0,(anonymous_12)
FNDA:0,(anonymous_13)
FNDA:0,(anonymous_14)
FNDA:0,(anonymous_15)
FNDA:0,(anonymous_16)
FNDA:0,(anonymous_17)
FNDA:0,(anonymous_18)
FNDA:0,(anonymous_19)
FNDA:0,(anonymous_20)
FNDA:0,(anonymous_21)
FNDA:0,(anonymous_22)
FNDA:0,(anonymous_23)
FNDA:0,(anonymous_24)
FNDA:0,(anonymous_25)
FNDA:0,(anonymous_26)
FNDA:0,(anonymous_27)
FNDA:0,(anonymous_28)
FNDA:0,(anonymous_29)
FNDA:0,(anonymous_30)
FNDA:0,(anonymous_31)
FNDA:0,(anonymous_32)
FNDA:0,(anonymous_33)
FNDA:0,(anonymous_34)
DA:4,0
DA:6,0
DA:10,0
DA:18,0
DA:24,0
DA:29,0
DA:37,0
DA:46,0
DA:55,0
DA:63,0
DA:72,0
DA:83,0
DA:88,0
DA:97,0
DA:102,0
DA:107,0
DA:117,0
DA:127,0
DA:137,0
DA:147,0
DA:157,0
DA:167,0
DA:177,0
DA:186,0
DA:194,0
DA:202,0
DA:207,0
DA:216,0
DA:225,0
DA:231,0
DA:236,0
DA:241,0
DA:247,0
DA:255,0
DA:260,0
DA:265,0
DA:270,0
DA:274,0
LF:38
LH:0
BRF:0
BRH:0
end_of_record
TN:
SF:src\service\authService.js
FN:4,(anonymous_0)
FN:13,(anonymous_1)
FN:22,(anonymous_2)
FN:31,(anonymous_3)
FN:39,(anonymous_4)
FN:48,(anonymous_5)
FN:62,(anonymous_6)
FN:71,(anonymous_7)
FN:80,(anonymous_8)
FNF:9
FNH:0
FNDA:0,(anonymous_0)
FNDA:0,(anonymous_1)
FNDA:0,(anonymous_2)
FNDA:0,(anonymous_3)
FNDA:0,(anonymous_4)
FNDA:0,(anonymous_5)
FNDA:0,(anonymous_6)
FNDA:0,(anonymous_7)
FNDA:0,(anonymous_8)
DA:5,0
DA:6,0
DA:7,0
DA:9,0
DA:14,0
DA:15,0
DA:16,0
DA:18,0
DA:23,0
DA:24,0
DA:25,0
DA:27,0
DA:32,0
DA:33,0
DA:34,0
DA:36,0
DA:40,0
DA:41,0
DA:42,0
DA:44,0
DA:49,0
DA:50,0
DA:51,0
DA:52,0
DA:53,0
DA:58,0
DA:63,0
DA:64,0
DA:65,0
DA:67,0
DA:72,0
DA:73,0
DA:74,0
DA:76,0
DA:81,0
DA:82,0
DA:83,0
DA:85,0
LF:38
LH:0
BRF:0
BRH:0
end_of_record
TN:
SF:src\service\currencies.js
FN:3,(anonymous_0)
FNF:1
FNH:0
FNDA:0,(anonymous_0)
DA:4,0
DA:5,0
DA:6,0
DA:8,0
LF:4
LH:0
BRF:0
BRH:0
end_of_record
TN:
SF:src\service\neighborhoodVisuals.js
FN:4,(anonymous_0)
FN:13,(anonymous_1)
FN:22,(anonymous_2)
FN:50,(anonymous_3)
FN:65,(anonymous_4)
FNF:5
FNH:0
FNDA:0,(anonymous_0)
FNDA:0,(anonymous_1)
FNDA:0,(anonymous_2)
FNDA:0,(anonymous_3)
FNDA:0,(anonymous_4)
DA:5,0
DA:6,0
DA:7,0
DA:9,0
DA:14,0
DA:15,0
DA:16,0
DA:18,0
DA:23,0
DA:24,0
DA:25,0
DA:27,0
DA:29,0
DA:30,0
DA:31,0
DA:34,0
DA:37,0
DA:38,0
DA:39,0
DA:40,0
DA:41,0
DA:42,0
DA:44,0
DA:47,0
DA:51,0
DA:52,0
DA:53,0
DA:54,0
DA:55,0
DA:56,0
DA:57,0
DA:59,0
DA:60,0
DA:62,0
DA:66,0
DA:67,0
DA:68,0
DA:70,0
LF:38
LH:0
BRDA:24,0,0,0
BRDA:24,0,1,0
BRDA:29,1,0,0
BRDA:29,1,1,0
BRF:4
BRH:0
end_of_record
TN:
SF:src\service\propertyFeatures.js
FN:4,(anonymous_0)
FN:13,(anonymous_1)
FNF:2
FNH:0
FNDA:0,(anonymous_0)
FNDA:0,(anonymous_1)
DA:5,0
DA:6,0
DA:7,0
DA:9,0
DA:14,0
DA:15,0
DA:16,0
DA:18,0
LF:8
LH:0
BRF:0
BRH:0
end_of_record
TN:
SF:src\service\propertyLandmarkTypes.js
FN:4,(anonymous_0)
FNF:1
FNH:0
FNDA:0,(anonymous_0)
DA:5,0
DA:6,0
DA:7,0
DA:9,0
LF:4
LH:0
BRF:0
BRH:0
end_of_record
TN:
SF:src\service\propertyLegalProtection.js
FN:4,(anonymous_0)
FN:12,(anonymous_1)
FN:20,(anonymous_2)
FNF:3
FNH:0
FNDA:0,(anonymous_0)
FNDA:0,(anonymous_1)
FNDA:0,(anonymous_2)
DA:5,0
DA:6,0
DA:7,0
DA:9,0
DA:13,0
DA:14,0
DA:15,0
DA:17,0
DA:21,0
DA:22,0
DA:23,0
DA:25,0
LF:12
LH:0
BRF:0
BRH:0
end_of_record
TN:
SF:src\service\propertyLocation.js
FN:4,(anonymous_0)
FN:12,(anonymous_1)
FN:20,(anonymous_2)
FN:28,(anonymous_3)
FN:36,(anonymous_4)
FN:44,(anonymous_5)
FN:52,(anonymous_6)
FN:62,(anonymous_7)
FN:70,(anonymous_8)
FN:78,(anonymous_9)
FNF:10
FNH:0
FNDA:0,(anonymous_0)
FNDA:0,(anonymous_1)
FNDA:0,(anonymous_2)
FNDA:0,(anonymous_3)
FNDA:0,(anonymous_4)
FNDA:0,(anonymous_5)
FNDA:0,(anonymous_6)
FNDA:0,(anonymous_7)
FNDA:0,(anonymous_8)
FNDA:0,(anonymous_9)
DA:5,0
DA:6,0
DA:7,0
DA:9,0
DA:13,0
DA:14,0
DA:15,0
DA:17,0
DA:21,0
DA:22,0
DA:23,0
DA:25,0
DA:29,0
DA:30,0
DA:31,0
DA:33,0
DA:37,0
DA:38,0
DA:39,0
DA:41,0
DA:45,0
DA:46,0
DA:47,0
DA:49,0
DA:53,0
DA:54,0
DA:55,0
DA:57,0
DA:63,0
DA:64,0
DA:65,0
DA:67,0
DA:71,0
DA:72,0
DA:73,0
DA:75,0
DA:79,0
DA:80,0
DA:81,0
DA:83,0
LF:40
LH:0
BRF:0
BRH:0
end_of_record
TN:
SF:src\service\propertyNearbyLandmark.js
FN:4,(anonymous_0)
FN:13,(anonymous_1)
FN:22,(anonymous_2)
FN:54,(anonymous_3)
FN:71,(anonymous_4)
FNF:5
FNH:0
FNDA:0,(anonymous_0)
FNDA:0,(anonymous_1)
FNDA:0,(anonymous_2)
FNDA:0,(anonymous_3)
FNDA:0,(anonymous_4)
DA:5,0
DA:6,0
DA:7,0
DA:9,0
DA:14,0
DA:15,0
DA:16,0
DA:18,0
DA:23,0
DA:25,0
DA:29,0
DA:31,0
DA:33,0
DA:34,0
DA:35,0
DA:38,0
DA:40,0
DA:41,0
DA:42,0
DA:43,0
DA:44,0
DA:45,0
DA:46,0
DA:47,0
DA:48,0
DA:51,0
DA:55,0
DA:56,0
DA:57,0
DA:58,0
DA:59,0
DA:60,0
DA:61,0
DA:62,0
DA:63,0
DA:64,0
DA:65,0
DA:66,0
DA:68,0
DA:72,0
DA:73,0
DA:74,0
DA:76,0
LF:43
LH:0
BRDA:25,0,0,0
BRDA:25,0,1,0
BRDA:33,1,0,0
BRDA:33,1,1,0
BRF:4
BRH:0
end_of_record
TN:
SF:src\service\propertyPriceHistories.js
FN:4,(anonymous_0)
FNF:1
FNH:0
FNDA:0,(anonymous_0)
DA:5,0
DA:6,0
DA:7,0
DA:9,0
LF:4
LH:0
BRF:0
BRH:0
end_of_record
TN:
SF:src\service\propertyRentalValue.js
FN:4,(anonymous_0)
FN:13,(anonymous_1)
FN:22,(anonymous_2)
FNF:3
FNH:0
FNDA:0,(anonymous_0)
FNDA:0,(anonymous_1)
FNDA:0,(anonymous_2)
DA:5,0
DA:6,0
DA:7,0
DA:9,0
DA:14,0
DA:15,0
DA:16,0
DA:18,0
DA:23,0
DA:24,0
DA:25,0
DA:27,0
LF:12
LH:0
BRF:0
BRH:0
end_of_record
TN:
SF:src\service\propertyValue.js
FN:5,(anonymous_0)
FN:13,(anonymous_1)
FN:22,(anonymous_2)
FN:30,(anonymous_3)
FN:38,(anonymous_4)
FN:46,(anonymous_5)
FN:54,(anonymous_6)
FNF:7
FNH:0
FNDA:0,(anonymous_0)
FNDA:0,(anonymous_1)
FNDA:0,(anonymous_2)
FNDA:0,(anonymous_3)
FNDA:0,(anonymous_4)
FNDA:0,(anonymous_5)
FNDA:0,(anonymous_6)
DA:6,0
DA:7,0
DA:8,0
DA:10,0
DA:14,0
DA:15,0
DA:16,0
DA:18,0
DA:23,0
DA:24,0
DA:25,0
DA:27,0
DA:31,0
DA:32,0
DA:33,0
DA:35,0
DA:39,0
DA:40,0
DA:41,0
DA:43,0
DA:47,0
DA:48,0
DA:49,0
DA:51,0
DA:55,0
DA:56,0
DA:57,0
DA:59,0
LF:28
LH:0
BRF:0
BRH:0
end_of_record
TN:
SF:src\service\propertyVisuals.js
FN:5,(anonymous_0)
FN:14,(anonymous_1)
FN:23,(anonymous_2)
FN:32,(anonymous_3)
FN:60,(anonymous_4)
FN:73,(anonymous_5)
FNF:6
FNH:0
FNDA:0,(anonymous_0)
FNDA:0,(anonymous_1)
FNDA:0,(anonymous_2)
FNDA:0,(anonymous_3)
FNDA:0,(anonymous_4)
FNDA:0,(anonymous_5)
DA:6,0
DA:7,0
DA:8,0
DA:10,0
DA:15,0
DA:16,0
DA:17,0
DA:19,0
DA:24,0
DA:25,0
DA:26,0
DA:28,0
DA:33,0
DA:35,0
DA:36,0
DA:37,0
DA:38,0
DA:39,0
DA:40,0
DA:43,0
DA:46,0
DA:47,0
DA:48,0
DA:49,0
DA:50,0
DA:51,0
DA:53,0
DA:56,0
DA:61,0
DA:62,0
DA:63,0
DA:64,0
DA:65,0
DA:66,0
DA:67,0
DA:68,0
DA:70,0
DA:74,0
DA:75,0
DA:76,0
DA:78,0
LF:41
LH:0
BRDA:35,0,0,0
BRDA:35,0,1,0
BRDA:38,1,0,0
BRDA:38,1,1,0
BRF:4
BRH:0
end_of_record
TN:
SF:src\service\property\acquiredPropertiesService.js
FN:4,(anonymous_0)
FN:12,(anonymous_1)
FNF:2
FNH:0
FNDA:0,(anonymous_0)
FNDA:0,(anonymous_1)
DA:5,0
DA:6,0
DA:7,0
DA:9,0
DA:13,0
DA:14,0
DA:15,0
DA:17,0
LF:8
LH:0
BRF:0
BRH:0
end_of_record
TN:
SF:src\service\property\auditLogs.js
FN:4,(anonymous_0)
FN:13,(anonymous_1)
FNF:2
FNH:0
FNDA:0,(anonymous_0)
FNDA:0,(anonymous_1)
DA:5,0
DA:6,0
DA:7,0
DA:9,0
DA:14,0
DA:15,0
DA:16,0
DA:18,0
LF:8
LH:0
BRF:0
BRH:0
end_of_record
TN:
SF:src\service\property\favoriteProperties.js
FN:4,(anonymous_0)
FN:19,(anonymous_1)
FN:29,(anonymous_2)
FN:38,(anonymous_3)
FN:47,(anonymous_4)
FN:56,(anonymous_5)
FNF:6
FNH:0
FNDA:0,(anonymous_0)
FNDA:0,(anonymous_1)
FNDA:0,(anonymous_2)
FNDA:0,(anonymous_3)
FNDA:0,(anonymous_4)
FNDA:0,(anonymous_5)
DA:5,0
DA:6,0
DA:7,0
DA:15,0
DA:20,0
DA:21,0
DA:22,0
DA:23,0
DA:25,0
DA:30,0
DA:31,0
DA:32,0
DA:34,0
DA:39,0
DA:40,0
DA:41,0
DA:43,0
DA:48,0
DA:49,0
DA:50,0
DA:52,0
DA:57,0
DA:58,0
DA:59,0
DA:61,0
LF:25
LH:0
BRF:0
BRH:0
end_of_record
TN:
SF:src\service\property\featureTypeLookup.js
FN:4,(anonymous_0)
FN:13,(anonymous_1)
FN:16,(anonymous_2)
FN:36,(anonymous_3)
FNF:4
FNH:0
FNDA:0,(anonymous_0)
FNDA:0,(anonymous_1)
FNDA:0,(anonymous_2)
FNDA:0,(anonymous_3)
DA:5,0
DA:6,0
DA:7,0
DA:9,0
DA:14,0
DA:15,0
DA:16,0
DA:17,0
DA:23,0
DA:24,0
DA:25,0
DA:26,0
DA:28,0
DA:29,0
DA:33,0
DA:37,0
DA:38,0
DA:39,0
DA:41,0
LF:19
LH:0
BRDA:15,0,0,0
BRDA:15,0,1,0
BRF:2
BRH:0
end_of_record
TN:
SF:src\service\property\highValuePropertyService.js
FN:4,(anonymous_0)
FN:12,(anonymous_1)
FN:20,(anonymous_2)
FN:28,(anonymous_3)
FNF:4
FNH:0
FNDA:0,(anonymous_0)
FNDA:0,(anonymous_1)
FNDA:0,(anonymous_2)
FNDA:0,(anonymous_3)
DA:5,0
DA:6,0
DA:7,0
DA:9,0
DA:13,0
DA:14,0
DA:15,0
DA:17,0
DA:21,0
DA:22,0
DA:23,0
DA:25,0
DA:29,0
DA:30,0
DA:31,0
DA:33,0
LF:16
LH:0
BRF:0
BRH:0
end_of_record
TN:
SF:src\service\property\property.js
FN:4,(anonymous_0)
FN:13,(anonymous_1)
FN:22,(anonymous_2)
FN:31,(anonymous_3)
FN:40,(anonymous_4)
FN:49,(anonymous_5)
FN:58,(anonymous_6)
FN:67,(anonymous_7)
FN:76,(anonymous_8)
FN:84,(anonymous_9)
FN:93,(anonymous_10)
FN:102,(anonymous_11)
FN:110,(anonymous_12)
FN:118,(anonymous_13)
FN:126,(anonymous_14)
FN:134,(anonymous_15)
FN:143,(anonymous_16)
FN:151,(anonymous_17)
FN:159,(anonymous_18)
FNF:19
FNH:0
FNDA:0,(anonymous_0)
FNDA:0,(anonymous_1)
FNDA:0,(anonymous_2)
FNDA:0,(anonymous_3)
FNDA:0,(anonymous_4)
FNDA:0,(anonymous_5)
FNDA:0,(anonymous_6)
FNDA:0,(anonymous_7)
FNDA:0,(anonymous_8)
FNDA:0,(anonymous_9)
FNDA:0,(anonymous_10)
FNDA:0,(anonymous_11)
FNDA:0,(anonymous_12)
FNDA:0,(anonymous_13)
FNDA:0,(anonymous_14)
FNDA:0,(anonymous_15)
FNDA:0,(anonymous_16)
FNDA:0,(anonymous_17)
FNDA:0,(anonymous_18)
DA:5,0
DA:6,0
DA:7,0
DA:9,0
DA:14,0
DA:15,0
DA:16,0
DA:18,0
DA:23,0
DA:24,0
DA:25,0
DA:27,0
DA:32,0
DA:33,0
DA:34,0
DA:36,0
DA:41,0
DA:42,0
DA:43,0
DA:45,0
DA:50,0
DA:51,0
DA:52,0
DA:54,0
DA:59,0
DA:60,0
DA:61,0
DA:63,0
DA:68,0
DA:69,0
DA:70,0
DA:72,0
DA:77,0
DA:78,0
DA:79,0
DA:81,0
DA:85,0
DA:86,0
DA:87,0
DA:89,0
DA:94,0
DA:95,0
DA:96,0
DA:98,0
DA:103,0
DA:104,0
DA:105,0
DA:107,0
DA:111,0
DA:112,0
DA:113,0
DA:115,0
DA:119,0
DA:120,0
DA:121,0
DA:123,0
DA:127,0
DA:128,0
DA:129,0
DA:131,0
DA:135,0
DA:136,0
DA:137,0
DA:139,0
DA:144,0
DA:145,0
DA:146,0
DA:148,0
DA:152,0
DA:153,0
DA:154,0
DA:156,0
DA:160,0
DA:161,0
DA:162,0
DA:164,0
LF:76
LH:0
BRF:0
BRH:0
end_of_record
TN:
SF:src\service\property\propertyCategories.js
FN:4,(anonymous_0)
FNF:1
FNH:0
FNDA:0,(anonymous_0)
DA:5,0
DA:6,0
DA:7,0
DA:9,0
LF:4
LH:0
BRF:0
BRH:0
end_of_record
TN:
SF:src\service\property\propertyListedAs.js
FN:4,(anonymous_0)
FN:13,(anonymous_1)
FNF:2
FNH:0
FNDA:0,(anonymous_0)
FNDA:0,(anonymous_1)
DA:5,0
DA:6,0
DA:7,0
DA:9,0
DA:14,0
DA:15,0
DA:16,0
DA:18,0
LF:8
LH:0
BRF:0
BRH:0
end_of_record
TN:
SF:src\service\property\viewedProperties.js
FN:4,(anonymous_0)
FN:12,(anonymous_1)
FN:20,(anonymous_2)
FNF:3
FNH:0
FNDA:0,(anonymous_0)
FNDA:0,(anonymous_1)
FNDA:0,(anonymous_2)
DA:5,0
DA:6,0
DA:7,0
DA:9,0
DA:13,0
DA:14,0
DA:15,0
DA:17,0
DA:21,0
DA:22,0
DA:23,0
DA:25,0
LF:12
LH:0
BRF:0
BRH:0
end_of_record
TN:
SF:src\service\vendors\vendorsBackOfficeService.js
FN:4,(anonymous_0)
FN:12,(anonymous_1)
FN:21,(anonymous_2)
FN:30,(anonymous_3)
FN:39,(anonymous_4)
FN:48,(anonymous_5)
FN:56,(anonymous_6)
FNF:7
FNH:0
FNDA:0,(anonymous_0)
FNDA:0,(anonymous_1)
FNDA:0,(anonymous_2)
FNDA:0,(anonymous_3)
FNDA:0,(anonymous_4)
FNDA:0,(anonymous_5)
FNDA:0,(anonymous_6)
DA:5,0
DA:6,0
DA:7,0
DA:9,0
DA:13,0
DA:14,0
DA:15,0
DA:16,0
DA:18,0
DA:22,0
DA:24,0
DA:25,0
DA:27,0
DA:31,0
DA:32,0
DA:33,0
DA:35,0
DA:40,0
DA:41,0
DA:42,0
DA:44,0
DA:49,0
DA:50,0
DA:51,0
DA:53,0
DA:57,0
DA:58,0
DA:59,0
DA:61,0
LF:29
LH:0
BRF:0
BRH:0
end_of_record
TN:
SF:src\store\auditModule.js
FN:9,(anonymous_0)
FN:13,(anonymous_1)
FN:24,(anonymous_2)
FN:38,(anonymous_3)
FN:38,(anonymous_4)
FNF:5
FNH:0
FNDA:0,(anonymous_0)
FNDA:0,(anonymous_1)
FNDA:0,(anonymous_2)
FNDA:0,(anonymous_3)
FNDA:0,(anonymous_4)
DA:4,0
DA:8,0
DA:9,0
DA:12,0
DA:14,0
DA:15,0
DA:16,0
DA:17,0
DA:19,0
DA:25,0
DA:26,0
DA:27,0
DA:28,0
DA:30,0
DA:32,0
DA:37,0
DA:38,0
DA:39,0
LF:18
LH:0
BRDA:14,0,0,0
BRDA:14,0,1,0
BRDA:27,1,0,0
BRDA:27,1,1,0
BRF:4
BRH:0
end_of_record
TN:
SF:src\store\authModule.js
FN:28,(anonymous_0)
FN:29,(anonymous_1)
FN:30,(anonymous_2)
FN:31,(anonymous_3)
FN:32,(anonymous_4)
FN:33,(anonymous_5)
FN:34,(anonymous_6)
FN:35,(anonymous_7)
FN:36,(anonymous_8)
FN:37,(anonymous_9)
FN:38,(anonymous_10)
FN:39,(anonymous_11)
FN:40,(anonymous_12)
FN:41,(anonymous_13)
FN:45,(anonymous_14)
FN:55,(anonymous_15)
FN:75,(anonymous_16)
FN:88,(anonymous_17)
FN:97,(anonymous_18)
FN:109,(anonymous_19)
FN:115,(anonymous_20)
FN:117,(anonymous_21)
FN:125,(anonymous_22)
FN:128,(anonymous_23)
FN:152,(anonymous_24)
FN:160,(anonymous_25)
FN:206,(anonymous_26)
FN:220,(anonymous_27)
FN:232,(anonymous_28)
FN:233,(anonymous_29)
FN:234,(anonymous_30)
FN:235,(anonymous_31)
FN:236,(anonymous_32)
FN:246,(anonymous_33)
FN:247,(anonymous_34)
FN:248,(anonymous_35)
FN:249,(anonymous_36)
FN:250,(anonymous_37)
FN:251,(anonymous_38)
FN:252,(anonymous_39)
FN:253,(anonymous_40)
FN:254,(anonymous_41)
FN:254,(anonymous_42)
FN:260,(anonymous_43)
FNF:44
FNH:0
FNDA:0,(anonymous_0)
FNDA:0,(anonymous_1)
FNDA:0,(anonymous_2)
FNDA:0,(anonymous_3)
FNDA:0,(anonymous_4)
FNDA:0,(anonymous_5)
FNDA:0,(anonymous_6)
FNDA:0,(anonymous_7)
FNDA:0,(anonymous_8)
FNDA:0,(anonymous_9)
FNDA:0,(anonymous_10)
FNDA:0,(anonymous_11)
FNDA:0,(anonymous_12)
FNDA:0,(anonymous_13)
FNDA:0,(anonymous_14)
FNDA:0,(anonymous_15)
FNDA:0,(anonymous_16)
FNDA:0,(anonymous_17)
FNDA:0,(anonymous_18)
FNDA:0,(anonymous_19)
FNDA:0,(anonymous_20)
FNDA:0,(anonymous_21)
FNDA:0,(anonymous_22)
FNDA:0,(anonymous_23)
FNDA:0,(anonymous_24)
FNDA:0,(anonymous_25)
FNDA:0,(anonymous_26)
FNDA:0,(anonymous_27)
FNDA:0,(anonymous_28)
FNDA:0,(anonymous_29)
FNDA:0,(anonymous_30)
FNDA:0,(anonymous_31)
FNDA:0,(anonymous_32)
FNDA:0,(anonymous_33)
FNDA:0,(anonymous_34)
FNDA:0,(anonymous_35)
FNDA:0,(anonymous_36)
FNDA:0,(anonymous_37)
FNDA:0,(anonymous_38)
FNDA:0,(anonymous_39)
FNDA:0,(anonymous_40)
FNDA:0,(anonymous_41)
FNDA:0,(anonymous_42)
FNDA:0,(anonymous_43)
DA:6,0
DA:7,0
DA:8,0
DA:10,0
DA:27,0
DA:28,0
DA:29,0
DA:30,0
DA:31,0
DA:32,0
DA:33,0
DA:34,0
DA:35,0
DA:36,0
DA:37,0
DA:38,0
DA:39,0
DA:40,0
DA:41,0
DA:44,0
DA:46,0
DA:47,0
DA:48,0
DA:49,0
DA:51,0
DA:56,0
DA:57,0
DA:58,0
DA:60,0
DA:61,0
DA:63,0
DA:64,0
DA:65,0
DA:66,0
DA:71,0
DA:72,0
DA:73,0
DA:75,0
DA:76,0
DA:79,0
DA:80,0
DA:82,0
DA:84,0
DA:89,0
DA:90,0
DA:91,0
DA:92,0
DA:93,0
DA:98,0
DA:99,0
DA:100,0
DA:101,0
DA:102,0
DA:104,0
DA:105,0
DA:106,0
DA:107,0
DA:108,0
DA:109,0
DA:110,0
DA:114,0
DA:115,0
DA:116,0
DA:117,0
DA:118,0
DA:126,0
DA:129,0
DA:141,0
DA:142,0
DA:143,0
DA:148,0
DA:153,0
DA:154,0
DA:155,0
DA:157,0
DA:161,0
DA:162,0
DA:163,0
DA:164,0
DA:165,0
DA:167,0
DA:189,0
DA:190,0
DA:191,0
DA:192,0
DA:193,0
DA:194,0
DA:195,0
DA:196,0
DA:197,0
DA:198,0
DA:200,0
DA:202,0
DA:207,0
DA:208,0
DA:209,0
DA:210,0
DA:211,0
DA:212,0
DA:213,0
DA:216,0
DA:221,0
DA:222,0
DA:223,0
DA:226,0
DA:231,0
DA:232,0
DA:233,0
DA:234,0
DA:235,0
DA:237,0
DA:246,0
DA:247,0
DA:248,0
DA:249,0
DA:250,0
DA:251,0
DA:252,0
DA:253,0
DA:254,0
DA:255,0
DA:260,0
LF:122
LH:0
BRDA:8,0,0,0
BRDA:8,0,1,0
BRDA:58,1,0,0
BRDA:58,1,1,0
BRDA:58,2,0,0
BRDA:58,2,1,0
BRDA:79,3,0,0
BRDA:79,3,1,0
BRDA:79,4,0,0
BRDA:79,4,1,0
BRDA:90,5,0,0
BRDA:90,5,1,0
BRDA:98,6,0,0
BRDA:98,6,1,0
BRDA:102,7,0,0
BRDA:102,7,1,0
BRDA:104,8,0,0
BRDA:104,8,1,0
BRDA:106,9,0,0
BRDA:106,9,1,0
BRDA:165,10,0,0
BRDA:165,10,1,0
BRF:22
BRH:0
end_of_record
TN:
SF:src\store\buyerModule.js
FN:49,(anonymous_0)
FN:50,(anonymous_1)
FN:51,(anonymous_2)
FN:52,(anonymous_3)
FN:53,(anonymous_4)
FN:54,(anonymous_5)
FN:55,(anonymous_6)
FN:56,(anonymous_7)
FN:57,(anonymous_8)
FN:58,(anonymous_9)
FN:59,(anonymous_10)
FN:60,(anonymous_11)
FN:61,(anonymous_12)
FN:62,(anonymous_13)
FN:63,(anonymous_14)
FN:64,(anonymous_15)
FN:65,(anonymous_16)
FN:66,(anonymous_17)
FN:67,(anonymous_18)
FN:68,(anonymous_19)
FN:69,(anonymous_20)
FN:70,(anonymous_21)
FN:71,(anonymous_22)
FN:72,(anonymous_23)
FN:73,(anonymous_24)
FN:74,(anonymous_25)
FN:79,(anonymous_26)
FN:90,(anonymous_27)
FN:106,(anonymous_28)
FN:117,(anonymous_29)
FN:128,(anonymous_30)
FN:138,(anonymous_31)
FN:148,(anonymous_32)
FN:158,(anonymous_33)
FN:167,(anonymous_34)
FN:177,(anonymous_35)
FN:187,(anonymous_36)
FN:198,(anonymous_37)
FN:209,(anonymous_38)
FN:218,(anonymous_39)
FN:222,(anonymous_40)
FN:238,(anonymous_41)
FN:245,(anonymous_42)
FN:248,(anonymous_43)
FN:251,(anonymous_44)
FN:254,(anonymous_45)
FN:258,(anonymous_46)
FN:261,(anonymous_47)
FN:273,(anonymous_48)
FN:280,(anonymous_49)
FN:300,(anonymous_50)
FN:311,(anonymous_51)
FN:324,(anonymous_52)
FN:338,(anonymous_53)
FN:347,(anonymous_54)
FN:362,(anonymous_55)
FN:377,(anonymous_56)
FN:387,(anonymous_57)
FN:393,(anonymous_58)
FN:410,(anonymous_59)
FN:435,(anonymous_60)
FN:450,(anonymous_61)
FN:462,(anonymous_62)
FN:473,(anonymous_63)
FN:484,(anonymous_64)
FN:495,(anonymous_65)
FN:507,(anonymous_66)
FN:521,(anonymous_67)
FN:522,(anonymous_68)
FN:539,(anonymous_69)
FN:540,(anonymous_70)
FN:557,(anonymous_71)
FN:558,(anonymous_72)
FN:559,(anonymous_73)
FN:560,(anonymous_74)
FN:561,(anonymous_75)
FN:575,(anonymous_76)
FN:576,(anonymous_77)
FN:590,(anonymous_78)
FN:591,(anonymous_79)
FN:592,(anonymous_80)
FN:593,(anonymous_81)
FN:602,(anonymous_82)
FN:603,(anonymous_83)
FN:609,(anonymous_84)
FN:610,(anonymous_85)
FN:611,(anonymous_86)
FN:626,(anonymous_87)
FN:627,(anonymous_88)
FN:628,(anonymous_89)
FN:628,(anonymous_90)
FN:641,(anonymous_91)
FN:642,(anonymous_92)
FN:655,(anonymous_93)
FN:657,(anonymous_94)
FN:658,(anonymous_95)
FN:659,(anonymous_96)
FN:663,(anonymous_97)
FN:665,(anonymous_98)
FN:668,(anonymous_99)
FN:669,(anonymous_100)
FN:670,(anonymous_101)
FN:671,(anonymous_102)
FN:674,(anonymous_103)
FN:675,(anonymous_104)
FN:676,(anonymous_105)
FN:677,(anonymous_106)
FN:678,(anonymous_107)
FN:679,(anonymous_108)
FN:680,(anonymous_109)
FNF:110
FNH:0
FNDA:0,(anonymous_0)
FNDA:0,(anonymous_1)
FNDA:0,(anonymous_2)
FNDA:0,(anonymous_3)
FNDA:0,(anonymous_4)
FNDA:0,(anonymous_5)
FNDA:0,(anonymous_6)
FNDA:0,(anonymous_7)
FNDA:0,(anonymous_8)
FNDA:0,(anonymous_9)
FNDA:0,(anonymous_10)
FNDA:0,(anonymous_11)
FNDA:0,(anonymous_12)
FNDA:0,(anonymous_13)
FNDA:0,(anonymous_14)
FNDA:0,(anonymous_15)
FNDA:0,(anonymous_16)
FNDA:0,(anonymous_17)
FNDA:0,(anonymous_18)
FNDA:0,(anonymous_19)
FNDA:0,(anonymous_20)
FNDA:0,(anonymous_21)
FNDA:0,(anonymous_22)
FNDA:0,(anonymous_23)
FNDA:0,(anonymous_24)
FNDA:0,(anonymous_25)
FNDA:0,(anonymous_26)
FNDA:0,(anonymous_27)
FNDA:0,(anonymous_28)
FNDA:0,(anonymous_29)
FNDA:0,(anonymous_30)
FNDA:0,(anonymous_31)
FNDA:0,(anonymous_32)
FNDA:0,(anonymous_33)
FNDA:0,(anonymous_34)
FNDA:0,(anonymous_35)
FNDA:0,(anonymous_36)
FNDA:0,(anonymous_37)
FNDA:0,(anonymous_38)
FNDA:0,(anonymous_39)
FNDA:0,(anonymous_40)
FNDA:0,(anonymous_41)
FNDA:0,(anonymous_42)
FNDA:0,(anonymous_43)
FNDA:0,(anonymous_44)
FNDA:0,(anonymous_45)
FNDA:0,(anonymous_46)
FNDA:0,(anonymous_47)
FNDA:0,(anonymous_48)
FNDA:0,(anonymous_49)
FNDA:0,(anonymous_50)
FNDA:0,(anonymous_51)
FNDA:0,(anonymous_52)
FNDA:0,(anonymous_53)
FNDA:0,(anonymous_54)
FNDA:0,(anonymous_55)
FNDA:0,(anonymous_56)
FNDA:0,(anonymous_57)
FNDA:0,(anonymous_58)
FNDA:0,(anonymous_59)
FNDA:0,(anonymous_60)
FNDA:0,(anonymous_61)
FNDA:0,(anonymous_62)
FNDA:0,(anonymous_63)
FNDA:0,(anonymous_64)
FNDA:0,(anonymous_65)
FNDA:0,(anonymous_66)
FNDA:0,(anonymous_67)
FNDA:0,(anonymous_68)
FNDA:0,(anonymous_69)
FNDA:0,(anonymous_70)
FNDA:0,(anonymous_71)
FNDA:0,(anonymous_72)
FNDA:0,(anonymous_73)
FNDA:0,(anonymous_74)
FNDA:0,(anonymous_75)
FNDA:0,(anonymous_76)
FNDA:0,(anonymous_77)
FNDA:0,(anonymous_78)
FNDA:0,(anonymous_79)
FNDA:0,(anonymous_80)
FNDA:0,(anonymous_81)
FNDA:0,(anonymous_82)
FNDA:0,(anonymous_83)
FNDA:0,(anonymous_84)
FNDA:0,(anonymous_85)
FNDA:0,(anonymous_86)
FNDA:0,(anonymous_87)
FNDA:0,(anonymous_88)
FNDA:0,(anonymous_89)
FNDA:0,(anonymous_90)
FNDA:0,(anonymous_91)
FNDA:0,(anonymous_92)
FNDA:0,(anonymous_93)
FNDA:0,(anonymous_94)
FNDA:0,(anonymous_95)
FNDA:0,(anonymous_96)
FNDA:0,(anonymous_97)
FNDA:0,(anonymous_98)
FNDA:0,(anonymous_99)
FNDA:0,(anonymous_100)
FNDA:0,(anonymous_101)
FNDA:0,(anonymous_102)
FNDA:0,(anonymous_103)
FNDA:0,(anonymous_104)
FNDA:0,(anonymous_105)
FNDA:0,(anonymous_106)
FNDA:0,(anonymous_107)
FNDA:0,(anonymous_108)
FNDA:0,(anonymous_109)
DA:19,0
DA:48,0
DA:49,0
DA:50,0
DA:51,0
DA:52,0
DA:53,0
DA:54,0
DA:55,0
DA:56,0
DA:57,0
DA:58,0
DA:59,0
DA:60,0
DA:61,0
DA:62,0
DA:63,0
DA:64,0
DA:65,0
DA:66,0
DA:67,0
DA:68,0
DA:69,0
DA:70,0
DA:71,0
DA:72,0
DA:73,0
DA:74,0
DA:77,0
DA:80,0
DA:81,0
DA:82,0
DA:83,0
DA:84,0
DA:86,0
DA:91,0
DA:92,0
DA:93,0
DA:94,0
DA:95,0
DA:97,0
DA:107,0
DA:108,0
DA:109,0
DA:110,0
DA:112,0
DA:114,0
DA:118,0
DA:119,0
DA:120,0
DA:121,0
DA:123,0
DA:125,0
DA:129,0
DA:130,0
DA:131,0
DA:132,0
DA:134,0
DA:139,0
DA:140,0
DA:141,0
DA:142,0
DA:144,0
DA:149,0
DA:150,0
DA:151,0
DA:152,0
DA:154,0
DA:159,0
DA:160,0
DA:161,0
DA:163,0
DA:168,0
DA:169,0
DA:170,0
DA:171,0
DA:173,0
DA:178,0
DA:179,0
DA:180,0
DA:181,0
DA:183,0
DA:188,0
DA:189,0
DA:190,0
DA:191,0
DA:193,0
DA:195,0
DA:199,0
DA:200,0
DA:201,0
DA:202,0
DA:204,0
DA:206,0
DA:210,0
DA:211,0
DA:212,0
DA:214,0
DA:219,0
DA:220,0
DA:223,0
DA:225,0
DA:226,0
DA:228,0
DA:231,0
DA:232,0
DA:234,0
DA:239,0
DA:240,0
DA:241,0
DA:242,0
DA:243,0
DA:245,0
DA:246,0
DA:248,0
DA:249,0
DA:251,0
DA:252,0
DA:254,0
DA:255,0
DA:258,0
DA:259,0
DA:261,0
DA:262,0
DA:265,0
DA:273,0
DA:274,0
DA:276,0
DA:281,0
DA:282,0
DA:286,0
DA:287,0
DA:288,0
DA:289,0
DA:290,0
DA:293,0
DA:296,0
DA:301,0
DA:302,0
DA:303,0
DA:304,0
DA:306,0
DA:308,0
DA:312,0
DA:313,0
DA:314,0
DA:315,0
DA:317,0
DA:319,0
DA:325,0
DA:326,0
DA:327,0
DA:328,0
DA:329,0
DA:330,0
DA:333,0
DA:335,0
DA:339,0
DA:340,0
DA:341,0
DA:343,0
DA:348,0
DA:349,0
DA:353,0
DA:354,0
DA:355,0
DA:358,0
DA:363,0
DA:364,0
DA:368,0
DA:369,0
DA:370,0
DA:373,0
DA:378,0
DA:382,0
DA:383,0
DA:384,0
DA:388,0
DA:389,0
DA:390,0
DA:392,0
DA:393,0
DA:394,0
DA:410,0
DA:411,0
DA:426,0
DA:428,0
DA:431,0
DA:436,0
DA:437,0
DA:441,0
DA:442,0
DA:443,0
DA:445,0
DA:447,0
DA:451,0
DA:452,0
DA:456,0
DA:457,0
DA:459,0
DA:463,0
DA:464,0
DA:465,0
DA:466,0
DA:468,0
DA:470,0
DA:474,0
DA:475,0
DA:476,0
DA:477,0
DA:479,0
DA:481,0
DA:485,0
DA:486,0
DA:487,0
DA:488,0
DA:490,0
DA:492,0
DA:496,0
DA:497,0
DA:498,0
DA:499,0
DA:501,0
DA:503,0
DA:508,0
DA:509,0
DA:510,0
DA:511,0
DA:513,0
DA:515,0
DA:520,0
DA:521,0
DA:523,0
DA:539,0
DA:541,0
DA:557,0
DA:558,0
DA:559,0
DA:560,0
DA:562,0
DA:575,0
DA:577,0
DA:590,0
DA:591,0
DA:592,0
DA:594,0
DA:602,0
DA:604,0
DA:609,0
DA:610,0
DA:612,0
DA:626,0
DA:627,0
DA:628,0
DA:629,0
DA:641,0
DA:643,0
DA:655,0
DA:657,0
DA:658,0
DA:660,0
DA:664,0
DA:665,0
DA:668,0
DA:670,0
DA:671,0
DA:674,0
DA:675,0
DA:676,0
DA:677,0
DA:678,0
DA:679,0
DA:681,0
LF:273
LH:0
BRDA:109,0,0,0
BRDA:109,0,1,0
BRDA:120,1,0,0
BRDA:120,1,1,0
BRDA:190,2,0,0
BRDA:190,2,1,0
BRDA:201,3,0,0
BRDA:201,3,1,0
BRDA:225,4,0,0
BRDA:225,4,1,0
BRDA:225,5,0,0
BRDA:225,5,1,0
BRDA:225,5,2,0
BRDA:287,6,0,0
BRDA:287,6,1,0
BRDA:289,7,0,0
BRDA:289,7,1,0
BRDA:303,8,0,0
BRDA:303,8,1,0
BRDA:314,9,0,0
BRDA:314,9,1,0
BRDA:327,10,0,0
BRDA:327,10,1,0
BRDA:329,11,0,0
BRDA:329,11,1,0
BRDA:354,12,0,0
BRDA:354,12,1,0
BRDA:354,13,0,0
BRDA:354,13,1,0
BRDA:369,14,0,0
BRDA:369,14,1,0
BRDA:369,15,0,0
BRDA:369,15,1,0
BRDA:383,16,0,0
BRDA:383,16,1,0
BRDA:383,17,0,0
BRDA:383,17,1,0
BRDA:392,18,0,0
BRDA:392,18,1,0
BRDA:392,19,0,0
BRDA:392,19,1,0
BRDA:392,19,2,0
BRDA:392,19,3,0
BRDA:442,20,0,0
BRDA:442,20,1,0
BRDA:465,21,0,0
BRDA:465,21,1,0
BRDA:476,22,0,0
BRDA:476,22,1,0
BRDA:487,23,0,0
BRDA:487,23,1,0
BRDA:498,24,0,0
BRDA:498,24,1,0
BRDA:510,25,0,0
BRDA:510,25,1,0
BRF:55
BRH:0
end_of_record
TN:
SF:src\store\index.js
FNF:0
FNH:0
DA:9,0
LF:1
LH:0
BRF:0
BRH:0
end_of_record
TN:
SF:src\store\sellerModule.js
FN:46,(anonymous_0)
FN:47,(anonymous_1)
FN:48,(anonymous_2)
FN:49,(anonymous_3)
FN:50,(anonymous_4)
FN:51,(anonymous_5)
FN:52,(anonymous_6)
FN:53,(anonymous_7)
FN:54,(anonymous_8)
FN:55,(anonymous_9)
FN:56,(anonymous_10)
FN:58,(anonymous_11)
FN:59,(anonymous_12)
FN:60,(anonymous_13)
FN:61,(anonymous_14)
FN:62,(anonymous_15)
FN:63,(anonymous_16)
FN:64,(anonymous_17)
FN:65,(anonymous_18)
FN:67,(anonymous_19)
FN:68,(anonymous_20)
FN:69,(anonymous_21)
FN:70,(anonymous_22)
FN:74,(anonymous_23)
FN:84,(anonymous_24)
FN:92,(anonymous_25)
FN:101,(anonymous_26)
FN:109,(anonymous_27)
FN:117,(anonymous_28)
FN:136,(anonymous_29)
FN:156,(anonymous_30)
FN:159,(anonymous_31)
FN:162,(anonymous_32)
FN:250,(anonymous_33)
FN:262,(anonymous_34)
FN:274,(anonymous_35)
FN:286,(anonymous_36)
FN:297,(anonymous_37)
FN:310,(anonymous_38)
FN:321,(anonymous_39)
FN:332,(anonymous_40)
FN:344,(anonymous_41)
FN:356,(anonymous_42)
FN:369,(anonymous_43)
FN:380,(anonymous_44)
FN:388,(anonymous_45)
FN:396,(anonymous_46)
FN:403,(anonymous_47)
FN:411,(anonymous_48)
FN:423,(anonymous_49)
FN:433,(anonymous_50)
FN:441,(anonymous_51)
FN:450,(anonymous_52)
FN:458,(anonymous_53)
FN:467,(anonymous_54)
FN:475,(anonymous_55)
FN:484,(anonymous_56)
FN:495,(anonymous_57)
FN:506,(anonymous_58)
FN:517,(anonymous_59)
FN:528,(anonymous_60)
FN:541,(anonymous_61)
FN:542,(anonymous_62)
FN:543,(anonymous_63)
FN:544,(anonymous_64)
FN:545,(anonymous_65)
FN:546,(anonymous_66)
FN:552,(anonymous_67)
FN:553,(anonymous_68)
FN:560,(anonymous_69)
FN:561,(anonymous_70)
FN:567,(anonymous_71)
FN:568,(anonymous_72)
FN:574,(anonymous_73)
FN:575,(anonymous_74)
FN:576,(anonymous_75)
FN:577,(anonymous_76)
FN:578,(anonymous_77)
FN:579,(anonymous_78)
FN:594,(anonymous_79)
FN:595,(anonymous_80)
FN:610,(anonymous_81)
FN:611,(anonymous_82)
FN:626,(anonymous_83)
FN:626,(anonymous_84)
FN:627,(anonymous_85)
FN:627,(anonymous_86)
FN:628,(anonymous_87)
FN:629,(anonymous_88)
FN:644,(anonymous_89)
FN:645,(anonymous_90)
FN:660,(anonymous_91)
FN:661,(anonymous_92)
FN:676,(anonymous_93)
FN:676,(anonymous_94)
FN:677,(anonymous_95)
FN:677,(anonymous_96)
FN:678,(anonymous_97)
FN:679,(anonymous_98)
FN:680,(anonymous_99)
FN:682,(anonymous_100)
FN:683,(anonymous_101)
FN:684,(anonymous_102)
FN:685,(anonymous_103)
FNF:104
FNH:0
FNDA:0,(anonymous_0)
FNDA:0,(anonymous_1)
FNDA:0,(anonymous_2)
FNDA:0,(anonymous_3)
FNDA:0,(anonymous_4)
FNDA:0,(anonymous_5)
FNDA:0,(anonymous_6)
FNDA:0,(anonymous_7)
FNDA:0,(anonymous_8)
FNDA:0,(anonymous_9)
FNDA:0,(anonymous_10)
FNDA:0,(anonymous_11)
FNDA:0,(anonymous_12)
FNDA:0,(anonymous_13)
FNDA:0,(anonymous_14)
FNDA:0,(anonymous_15)
FNDA:0,(anonymous_16)
FNDA:0,(anonymous_17)
FNDA:0,(anonymous_18)
FNDA:0,(anonymous_19)
FNDA:0,(anonymous_20)
FNDA:0,(anonymous_21)
FNDA:0,(anonymous_22)
FNDA:0,(anonymous_23)
FNDA:0,(anonymous_24)
FNDA:0,(anonymous_25)
FNDA:0,(anonymous_26)
FNDA:0,(anonymous_27)
FNDA:0,(anonymous_28)
FNDA:0,(anonymous_29)
FNDA:0,(anonymous_30)
FNDA:0,(anonymous_31)
FNDA:0,(anonymous_32)
FNDA:0,(anonymous_33)
FNDA:0,(anonymous_34)
FNDA:0,(anonymous_35)
FNDA:0,(anonymous_36)
FNDA:0,(anonymous_37)
FNDA:0,(anonymous_38)
FNDA:0,(anonymous_39)
FNDA:0,(anonymous_40)
FNDA:0,(anonymous_41)
FNDA:0,(anonymous_42)
FNDA:0,(anonymous_43)
FNDA:0,(anonymous_44)
FNDA:0,(anonymous_45)
FNDA:0,(anonymous_46)
FNDA:0,(anonymous_47)
FNDA:0,(anonymous_48)
FNDA:0,(anonymous_49)
FNDA:0,(anonymous_50)
FNDA:0,(anonymous_51)
FNDA:0,(anonymous_52)
FNDA:0,(anonymous_53)
FNDA:0,(anonymous_54)
FNDA:0,(anonymous_55)
FNDA:0,(anonymous_56)
FNDA:0,(anonymous_57)
FNDA:0,(anonymous_58)
FNDA:0,(anonymous_59)
FNDA:0,(anonymous_60)
FNDA:0,(anonymous_61)
FNDA:0,(anonymous_62)
FNDA:0,(anonymous_63)
FNDA:0,(anonymous_64)
FNDA:0,(anonymous_65)
FNDA:0,(anonymous_66)
FNDA:0,(anonymous_67)
FNDA:0,(anonymous_68)
FNDA:0,(anonymous_69)
FNDA:0,(anonymous_70)
FNDA:0,(anonymous_71)
FNDA:0,(anonymous_72)
FNDA:0,(anonymous_73)
FNDA:0,(anonymous_74)
FNDA:0,(anonymous_75)
FNDA:0,(anonymous_76)
FNDA:0,(anonymous_77)
FNDA:0,(anonymous_78)
FNDA:0,(anonymous_79)
FNDA:0,(anonymous_80)
FNDA:0,(anonymous_81)
FNDA:0,(anonymous_82)
FNDA:0,(anonymous_83)
FNDA:0,(anonymous_84)
FNDA:0,(anonymous_85)
FNDA:0,(anonymous_86)
FNDA:0,(anonymous_87)
FNDA:0,(anonymous_88)
FNDA:0,(anonymous_89)
FNDA:0,(anonymous_90)
FNDA:0,(anonymous_91)
FNDA:0,(anonymous_92)
FNDA:0,(anonymous_93)
FNDA:0,(anonymous_94)
FNDA:0,(anonymous_95)
FNDA:0,(anonymous_96)
FNDA:0,(anonymous_97)
FNDA:0,(anonymous_98)
FNDA:0,(anonymous_99)
FNDA:0,(anonymous_100)
FNDA:0,(anonymous_101)
FNDA:0,(anonymous_102)
FNDA:0,(anonymous_103)
DA:17,0
DA:45,0
DA:46,0
DA:47,0
DA:48,0
DA:49,0
DA:50,0
DA:51,0
DA:52,0
DA:53,0
DA:54,0
DA:55,0
DA:56,0
DA:58,0
DA:59,0
DA:60,0
DA:61,0
DA:62,0
DA:63,0
DA:64,0
DA:65,0
DA:67,0
DA:68,0
DA:69,0
DA:70,0
DA:73,0
DA:75,0
DA:76,0
DA:77,0
DA:78,0
DA:79,0
DA:81,0
DA:85,0
DA:86,0
DA:87,0
DA:89,0
DA:93,0
DA:94,0
DA:95,0
DA:96,0
DA:98,0
DA:102,0
DA:103,0
DA:104,0
DA:106,0
DA:110,0
DA:111,0
DA:112,0
DA:114,0
DA:118,0
DA:119,0
DA:120,0
DA:121,0
DA:128,0
DA:129,0
DA:130,0
DA:132,0
DA:137,0
DA:138,0
DA:139,0
DA:140,0
DA:147,0
DA:148,0
DA:149,0
DA:151,0
DA:157,0
DA:160,0
DA:163,0
DA:164,0
DA:172,0
DA:179,0
DA:188,0
DA:196,0
DA:204,0
DA:212,0
DA:223,0
DA:224,0
DA:225,0
DA:226,0
DA:227,0
DA:229,0
DA:231,0
DA:232,0
DA:233,0
DA:234,0
DA:237,0
DA:246,0
DA:251,0
DA:252,0
DA:253,0
DA:254,0
DA:255,0
DA:257,0
DA:259,0
DA:263,0
DA:264,0
DA:265,0
DA:266,0
DA:267,0
DA:269,0
DA:271,0
DA:275,0
DA:276,0
DA:277,0
DA:278,0
DA:279,0
DA:281,0
DA:283,0
DA:287,0
DA:288,0
DA:289,0
DA:290,0
DA:292,0
DA:294,0
DA:298,0
DA:299,0
DA:300,0
DA:301,0
DA:303,0
DA:305,0
DA:311,0
DA:312,0
DA:313,0
DA:314,0
DA:316,0
DA:318,0
DA:322,0
DA:323,0
DA:324,0
DA:325,0
DA:327,0
DA:329,0
DA:333,0
DA:334,0
DA:335,0
DA:336,0
DA:337,0
DA:339,0
DA:341,0
DA:345,0
DA:346,0
DA:347,0
DA:348,0
DA:349,0
DA:351,0
DA:353,0
DA:357,0
DA:358,0
DA:359,0
DA:360,0
DA:361,0
DA:363,0
DA:365,0
DA:370,0
DA:371,0
DA:372,0
DA:373,0
DA:375,0
DA:377,0
DA:381,0
DA:382,0
DA:383,0
DA:385,0
DA:389,0
DA:390,0
DA:391,0
DA:393,0
DA:397,0
DA:398,0
DA:400,0
DA:404,0
DA:405,0
DA:406,0
DA:408,0
DA:412,0
DA:413,0
DA:417,0
DA:418,0
DA:420,0
DA:424,0
DA:425,0
DA:426,0
DA:427,0
DA:429,0
DA:434,0
DA:435,0
DA:436,0
DA:438,0
DA:442,0
DA:443,0
DA:444,0
DA:446,0
DA:451,0
DA:452,0
DA:453,0
DA:455,0
DA:459,0
DA:460,0
DA:461,0
DA:463,0
DA:468,0
DA:469,0
DA:470,0
DA:472,0
DA:476,0
DA:477,0
DA:478,0
DA:480,0
DA:485,0
DA:486,0
DA:487,0
DA:488,0
DA:490,0
DA:492,0
DA:496,0
DA:497,0
DA:498,0
DA:499,0
DA:501,0
DA:503,0
DA:507,0
DA:508,0
DA:509,0
DA:510,0
DA:512,0
DA:514,0
DA:518,0
DA:519,0
DA:520,0
DA:521,0
DA:523,0
DA:525,0
DA:529,0
DA:530,0
DA:531,0
DA:533,0
DA:540,0
DA:541,0
DA:542,0
DA:543,0
DA:544,0
DA:545,0
DA:547,0
DA:552,0
DA:554,0
DA:560,0
DA:562,0
DA:567,0
DA:569,0
DA:574,0
DA:575,0
DA:576,0
DA:577,0
DA:578,0
DA:580,0
DA:594,0
DA:596,0
DA:610,0
DA:612,0
DA:626,0
DA:627,0
DA:628,0
DA:630,0
DA:644,0
DA:646,0
DA:660,0
DA:662,0
DA:676,0
DA:677,0
DA:678,0
DA:679,0
DA:680,0
DA:682,0
DA:683,0
DA:684,0
DA:685,0
LF:276
LH:0
BRDA:231,0,0,0
BRDA:231,0,1,0
BRDA:233,1,0,0
BRDA:233,1,1,0
BRDA:254,2,0,0
BRDA:254,2,1,0
BRDA:266,3,0,0
BRDA:266,3,1,0
BRDA:278,4,0,0
BRDA:278,4,1,0
BRDA:289,5,0,0
BRDA:289,5,1,0
BRDA:300,6,0,0
BRDA:300,6,1,0
BRDA:313,7,0,0
BRDA:313,7,1,0
BRDA:324,8,0,0
BRDA:324,8,1,0
BRDA:336,9,0,0
BRDA:336,9,1,0
BRDA:348,10,0,0
BRDA:348,10,1,0
BRDA:360,11,0,0
BRDA:360,11,1,0
BRDA:372,12,0,0
BRDA:372,12,1,0
BRDA:487,13,0,0
BRDA:487,13,1,0
BRDA:498,14,0,0
BRDA:498,14,1,0
BRDA:509,15,0,0
BRDA:509,15,1,0
BRDA:520,16,0,0
BRDA:520,16,1,0
BRDA:542,17,0,0
BRDA:542,17,1,0
BRDA:542,17,2,0
BRDA:544,18,0,0
BRDA:544,18,1,0
BRDA:544,18,2,0
BRF:40
BRH:0
end_of_record
TN:
SF:src\store\vendorsModule.js
FN:12,(anonymous_0)
FN:13,(anonymous_1)
FN:14,(anonymous_2)
FN:15,(anonymous_3)
FN:16,(anonymous_4)
FN:20,(anonymous_5)
FN:29,(anonymous_6)
FN:38,(anonymous_7)
FN:42,(anonymous_8)
FN:54,(anonymous_9)
FN:58,(anonymous_10)
FN:70,(anonymous_11)
FN:83,(anonymous_12)
FN:96,(anonymous_13)
FN:99,(anonymous_14)
FN:111,(anonymous_15)
FN:111,(anonymous_16)
FN:117,(anonymous_17)
FN:118,(anonymous_18)
FN:119,(anonymous_19)
FN:120,(anonymous_20)
FN:121,(anonymous_21)
FN:122,(anonymous_22)
FN:123,(anonymous_23)
FN:127,(anonymous_24)
FN:133,(anonymous_25)
FN:136,(anonymous_26)
FNF:27
FNH:0
FNDA:0,(anonymous_0)
FNDA:0,(anonymous_1)
FNDA:0,(anonymous_2)
FNDA:0,(anonymous_3)
FNDA:0,(anonymous_4)
FNDA:0,(anonymous_5)
FNDA:0,(anonymous_6)
FNDA:0,(anonymous_7)
FNDA:0,(anonymous_8)
FNDA:0,(anonymous_9)
FNDA:0,(anonymous_10)
FNDA:0,(anonymous_11)
FNDA:0,(anonymous_12)
FNDA:0,(anonymous_13)
FNDA:0,(anonymous_14)
FNDA:0,(anonymous_15)
FNDA:0,(anonymous_16)
FNDA:0,(anonymous_17)
FNDA:0,(anonymous_18)
FNDA:0,(anonymous_19)
FNDA:0,(anonymous_20)
FNDA:0,(anonymous_21)
FNDA:0,(anonymous_22)
FNDA:0,(anonymous_23)
FNDA:0,(anonymous_24)
FNDA:0,(anonymous_25)
FNDA:0,(anonymous_26)
DA:3,0
DA:11,0
DA:12,0
DA:13,0
DA:14,0
DA:15,0
DA:16,0
DA:19,0
DA:21,0
DA:22,0
DA:23,0
DA:24,0
DA:26,0
DA:30,0
DA:31,0
DA:32,0
DA:34,0
DA:39,0
DA:40,0
DA:41,0
DA:42,0
DA:43,0
DA:49,0
DA:51,0
DA:55,0
DA:56,0
DA:57,0
DA:58,0
DA:59,0
DA:65,0
DA:67,0
DA:71,0
DA:72,0
DA:73,0
DA:74,0
DA:75,0
DA:79,0
DA:84,0
DA:85,0
DA:86,0
DA:87,0
DA:88,0
DA:92,0
DA:97,0
DA:100,0
DA:101,0
DA:102,0
DA:103,0
DA:105,0
DA:110,0
DA:111,0
DA:112,0
DA:117,0
DA:118,0
DA:119,0
DA:120,0
DA:121,0
DA:122,0
DA:124,0
DA:127,0
DA:134,0
DA:136,0
LF:62
LH:0
BRDA:41,0,0,0
BRDA:41,0,1,0
BRDA:57,1,0,0
BRDA:57,1,1,0
BRDA:72,2,0,0
BRDA:72,2,1,0
BRDA:74,3,0,0
BRDA:74,3,1,0
BRDA:85,4,0,0
BRDA:85,4,1,0
BRDA:87,5,0,0
BRDA:87,5,1,0
BRF:12
BRH:0
end_of_record
TN:
SF:src\store\audit\actions.js
FN:4,(anonymous_0)
FN:15,(anonymous_1)
FNF:2
FNH:0
FNDA:0,(anonymous_0)
FNDA:0,(anonymous_1)
DA:5,0
DA:6,0
DA:7,0
DA:9,0
DA:12,0
DA:16,0
DA:17,0
DA:18,0
DA:19,0
DA:22,0
LF:10
LH:0
BRDA:6,0,0,0
BRDA:6,0,1,0
BRDA:18,1,0,0
BRDA:18,1,1,0
BRDA:18,2,0,0
BRDA:18,2,1,0
BRF:6
BRH:0
end_of_record
TN:
SF:src\store\audit\getters.js
FN:2,(anonymous_0)
FNF:1
FNH:0
FNDA:0,(anonymous_0)
DA:3,0
LF:1
LH:0
BRF:0
BRH:0
end_of_record
TN:
SF:src\store\audit\index.js
FN:6,(anonymous_0)
FNF:1
FNH:0
FNDA:0,(anonymous_0)
DA:7,0
LF:1
LH:0
BRF:0
BRH:0
end_of_record
TN:
SF:src\store\audit\mutations.js
FN:2,(anonymous_0)
FNF:1
FNH:0
FNDA:0,(anonymous_0)
DA:3,0
LF:1
LH:0
BRF:0
BRH:0
end_of_record
TN:
SF:src\views\EditLandmarkVisuals.vue
FN:250,data
FN:267,image
FN:268,min
FN:269,char
FN:270,numb
FN:273,created
FN:297,defaultResponse
FN:301,(anonymous_8)
FN:307,fetchLandmarkVisuals
FN:320,loadLandmarkVisual
FN:325,closeLandmarkVisual
FN:330,updateLandmarkVisual
FN:356,loadNewLandmarkVisualDialog
FN:359,backToEditScreen
FN:362,createLandmarkVisual
FNF:15
FNH:0
FNDA:0,data
FNDA:0,image
FNDA:0,min
FNDA:0,char
FNDA:0,numb
FNDA:0,created
FNDA:0,defaultResponse
FNDA:0,(anonymous_8)
FNDA:0,fetchLandmarkVisuals
FNDA:0,loadLandmarkVisual
FNDA:0,closeLandmarkVisual
FNDA:0,updateLandmarkVisual
FNDA:0,loadNewLandmarkVisualDialog
FNDA:0,backToEditScreen
FNDA:0,createLandmarkVisual
DA:242,0
DA:243,0
DA:250,0
DA:267,0
DA:268,0
DA:269,0
DA:270,0
DA:274,0
DA:278,0
DA:279,0
DA:297,0
DA:298,0
DA:299,0
DA:300,0
DA:301,0
DA:302,0
DA:303,0
DA:304,0
DA:307,0
DA:309,0
DA:310,0
DA:311,0
DA:313,0
DA:316,0
DA:317,0
DA:321,0
DA:322,0
DA:323,0
DA:326,0
DA:327,0
DA:328,0
DA:330,0
DA:332,0
DA:334,0
DA:335,0
DA:336,0
DA:340,0
DA:341,0
DA:342,0
DA:344,0
DA:348,0
DA:349,0
DA:352,0
DA:357,0
DA:360,0
DA:362,0
DA:364,0
DA:365,0
DA:366,0
DA:367,0
DA:369,0
DA:370,0
DA:371,0
DA:375,0
DA:376,0
DA:377,0
DA:379,0
DA:383,0
DA:384,0
DA:387,0
DA:388,0
LF:61
LH:0
BRDA:267,0,0,0
BRDA:267,0,1,0
BRDA:267,0,2,0
BRDA:268,1,0,0
BRDA:268,1,1,0
BRDA:269,2,0,0
BRDA:269,2,1,0
BRDA:270,3,0,0
BRDA:270,3,1,0
BRDA:307,4,0,0
BRDA:307,4,1,0
BRDA:307,4,2,0
BRDA:307,4,3,0
BRDA:307,4,4,0
BRDA:310,5,0,0
BRDA:310,5,1,0
BRDA:330,6,0,0
BRDA:330,6,1,0
BRDA:330,6,2,0
BRDA:330,6,3,0
BRDA:330,6,4,0
BRDA:330,7,0,0
BRDA:335,8,0,0
BRDA:335,8,1,0
BRDA:362,9,0,0
BRDA:362,9,1,0
BRDA:362,9,2,0
BRDA:362,9,3,0
BRDA:362,9,4,0
BRDA:362,10,0,0
BRDA:370,11,0,0
BRDA:370,11,1,0
BRF:32
BRH:0
end_of_record
TN:
SF:src\views\EditNeighborhoodVisuals.vue
FN:198,data
FN:215,image
FN:216,min
FN:217,char
FN:218,numb
FN:221,created
FN:241,defaultResponse
FN:245,(anonymous_8)
FN:251,fetchNeighborhoodVisuals
FN:264,loadNeighborhoodVisual
FN:269,closeNeighborhoodVisual
FN:274,updateNeighborhoodVisual
FN:300,loadNewNeighborhoodVisualDialog
FN:303,backToEditScreen
FN:306,createNeighborhoodVisual
FNF:15
FNH:0
FNDA:0,data
FNDA:0,image
FNDA:0,min
FNDA:0,char
FNDA:0,numb
FNDA:0,created
FNDA:0,defaultResponse
FNDA:0,(anonymous_8)
FNDA:0,fetchNeighborhoodVisuals
FNDA:0,loadNeighborhoodVisual
FNDA:0,closeNeighborhoodVisual
FNDA:0,updateNeighborhoodVisual
FNDA:0,loadNewNeighborhoodVisualDialog
FNDA:0,backToEditScreen
FNDA:0,createNeighborhoodVisual
DA:190,0
DA:191,0
DA:198,0
DA:215,0
DA:216,0
DA:217,0
DA:218,0
DA:222,0
DA:226,0
DA:241,0
DA:242,0
DA:243,0
DA:244,0
DA:245,0
DA:246,0
DA:247,0
DA:248,0
DA:251,0
DA:253,0
DA:254,0
DA:255,0
DA:257,0
DA:260,0
DA:261,0
DA:265,0
DA:266,0
DA:267,0
DA:270,0
DA:271,0
DA:272,0
DA:274,0
DA:276,0
DA:278,0
DA:279,0
DA:280,0
DA:284,0
DA:285,0
DA:286,0
DA:288,0
DA:292,0
DA:293,0
DA:296,0
DA:301,0
DA:304,0
DA:306,0
DA:308,0
DA:309,0
DA:310,0
DA:313,0
DA:314,0
DA:315,0
DA:319,0
DA:320,0
DA:321,0
DA:323,0
DA:327,0
DA:328,0
DA:331,0
DA:332,0
LF:59
LH:0
BRDA:215,0,0,0
BRDA:215,0,1,0
BRDA:215,0,2,0
BRDA:216,1,0,0
BRDA:216,1,1,0
BRDA:217,2,0,0
BRDA:217,2,1,0
BRDA:218,3,0,0
BRDA:218,3,1,0
BRDA:251,4,0,0
BRDA:251,4,1,0
BRDA:251,4,2,0
BRDA:251,4,3,0
BRDA:251,4,4,0
BRDA:254,5,0,0
BRDA:254,5,1,0
BRDA:274,6,0,0
BRDA:274,6,1,0
BRDA:274,6,2,0
BRDA:274,6,3,0
BRDA:274,6,4,0
BRDA:274,7,0,0
BRDA:279,8,0,0
BRDA:279,8,1,0
BRDA:306,9,0,0
BRDA:306,9,1,0
BRDA:306,9,2,0
BRDA:306,9,3,0
BRDA:306,9,4,0
BRDA:306,10,0,0
BRDA:314,11,0,0
BRDA:314,11,1,0
BRF:32
BRH:0
end_of_record
TN:
SF:src\views\EditProfile.vue
FN:65,data
FN:72,secondary_email
FN:73,secondary_contact
FN:74,business_location
FN:76,(anonymous_5)
FN:77,(anonymous_6)
FN:78,(anonymous_7)
FN:79,(anonymous_8)
FN:83,created
FN:95,defaultResponse
FN:99,(anonymous_11)
FN:105,updateUserDetails
FN:122,(anonymous_15)
FNF:13
FNH:0
FNDA:0,data
FNDA:0,secondary_email
FNDA:0,secondary_contact
FNDA:0,business_location
FNDA:0,(anonymous_5)
FNDA:0,(anonymous_6)
FNDA:0,(anonymous_7)
FNDA:0,(anonymous_8)
FNDA:0,created
FNDA:0,defaultResponse
FNDA:0,(anonymous_11)
FNDA:0,updateUserDetails
FNDA:0,(anonymous_15)
DA:55,0
DA:59,0
DA:65,0
DA:72,0
DA:73,0
DA:74,0
DA:77,0
DA:78,0
DA:79,0
DA:80,0
DA:84,0
DA:85,0
DA:95,0
DA:96,0
DA:97,0
DA:98,0
DA:99,0
DA:100,0
DA:101,0
DA:102,0
DA:105,0
DA:106,0
DA:112,0
DA:118,0
DA:119,0
DA:120,0
DA:121,0
DA:122,0
DA:123,0
DA:126,0
DA:130,0
LF:31
LH:0
BRDA:72,0,0,0
BRDA:72,0,1,0
BRDA:73,1,0,0
BRDA:73,1,1,0
BRDA:73,1,2,0
BRDA:74,2,0,0
BRDA:74,2,1,0
BRDA:77,3,0,0
BRDA:77,3,1,0
BRDA:78,4,0,0
BRDA:78,4,1,0
BRDA:78,4,2,0
BRDA:79,5,0,0
BRDA:79,5,1,0
BRDA:79,5,2,0
BRDA:80,6,0,0
BRDA:80,6,1,0
BRDA:105,7,0,0
BRDA:105,7,1,0
BRDA:105,7,2,0
BRDA:105,7,3,0
BRDA:105,7,4,0
BRDA:105,7,5,0
BRDA:105,8,0,0
BRDA:119,9,0,0
BRDA:119,9,1,0
BRF:26
BRH:0
end_of_record
TN:
SF:src\views\EditProperty.vue
FN:394,data
FN:412,features
FN:420,required
FN:421,numb
FN:424,required
FN:427,numb
FN:428,char
FN:429,min
FN:431,(anonymous_9)
FN:434,(anonymous_10)
FN:435,(anonymous_11)
FN:436,(anonymous_12)
FN:437,(anonymous_13)
FN:441,created
FN:453,beforeRouteLeave
FN:496,defaultResponse
FN:500,(anonymous_17)
FN:506,fetchPropertyLegalDetails
FN:526,postLegalData
FN:557,updateLegalData
FN:584,deletePropertyFeature
FN:605,addNewFeatures
FN:640,fetchAllCurrencyTypes
FN:651,getCurrentPropertyPriceDetails
FN:666,getCurrentRentalPriceDetails
FN:689,loadCurrentPropertyPrice
FN:701,updatePropertyValue
FN:727,findPropertyLocation
FN:751,loadLocationDialog
FN:755,fetchDistricts
FN:769,fetchDivisions
FN:781,fetchSuburbs
FN:793,updatePropertyLocation
FN:811,closeLegalDialog
FN:815,loadLegalDialog
FN:818,navigateToEditPropertyVisuals
FN:821,navigateToEditLandmarkVisuals
FNF:37
FNH:0
FNDA:0,data
FNDA:0,features
FNDA:0,required
FNDA:0,numb
FNDA:0,required
FNDA:0,numb
FNDA:0,char
FNDA:0,min
FNDA:0,(anonymous_9)
FNDA:0,(anonymous_10)
FNDA:0,(anonymous_11)
FNDA:0,(anonymous_12)
FNDA:0,(anonymous_13)
FNDA:0,created
FNDA:0,beforeRouteLeave
FNDA:0,defaultResponse
FNDA:0,(anonymous_17)
FNDA:0,fetchPropertyLegalDetails
FNDA:0,postLegalData
FNDA:0,updateLegalData
FNDA:0,deletePropertyFeature
FNDA:0,addNewFeatures
FNDA:0,fetchAllCurrencyTypes
FNDA:0,getCurrentPropertyPriceDetails
FNDA:0,getCurrentRentalPriceDetails
FNDA:0,loadCurrentPropertyPrice
FNDA:0,updatePropertyValue
FNDA:0,findPropertyLocation
FNDA:0,loadLocationDialog
FNDA:0,fetchDistricts
FNDA:0,fetchDivisions
FNDA:0,fetchSuburbs
FNDA:0,updatePropertyLocation
FNDA:0,closeLegalDialog
FNDA:0,loadLegalDialog
FNDA:0,navigateToEditPropertyVisuals
FNDA:0,navigateToEditLandmarkVisuals
DA:386,0
DA:387,0
DA:394,0
DA:413,0
DA:414,0
DA:416,0
DA:420,0
DA:421,0
DA:424,0
DA:427,0
DA:428,0
DA:429,0
DA:432,0
DA:435,0
DA:436,0
DA:437,0
DA:438,0
DA:442,0
DA:446,0
DA:447,0
DA:448,0
DA:449,0
DA:450,0
DA:451,0
DA:454,0
DA:455,0
DA:456,0
DA:496,0
DA:497,0
DA:498,0
DA:499,0
DA:500,0
DA:501,0
DA:502,0
DA:503,0
DA:506,0
DA:508,0
DA:509,0
DA:510,0
DA:511,0
DA:512,0
DA:514,0
DA:515,0
DA:517,0
DA:518,0
DA:519,0
DA:520,0
DA:523,0
DA:526,0
DA:529,0
DA:530,0
DA:531,0
DA:532,0
DA:533,0
DA:534,0
DA:535,0
DA:536,0
DA:537,0
DA:538,0
DA:539,0
DA:544,0
DA:545,0
DA:546,0
DA:552,0
DA:553,0
DA:557,0
DA:560,0
DA:561,0
DA:562,0
DA:563,0
DA:564,0
DA:565,0
DA:566,0
DA:571,0
DA:572,0
DA:573,0
DA:579,0
DA:580,0
DA:584,0
DA:586,0
DA:587,0
DA:588,0
DA:589,0
DA:590,0
DA:595,0
DA:596,0
DA:602,0
DA:605,0
DA:608,0
DA:612,0
DA:613,0
DA:614,0
DA:615,0
DA:616,0
DA:617,0
DA:618,0
DA:623,0
DA:624,0
DA:625,0
DA:626,0
DA:632,0
DA:633,0
DA:640,0
DA:642,0
DA:643,0
DA:644,0
DA:647,0
DA:651,0
DA:653,0
DA:654,0
DA:655,0
DA:660,0
DA:663,0
DA:666,0
DA:668,0
DA:669,0
DA:670,0
DA:683,0
DA:686,0
DA:689,0
DA:697,0
DA:701,0
DA:704,0
DA:705,0
DA:706,0
DA:708,0
DA:711,0
DA:713,0
DA:716,0
DA:717,0
DA:718,0
DA:720,0
DA:723,0
DA:727,0
DA:729,0
DA:730,0
DA:731,0
DA:732,0
DA:745,0
DA:748,0
DA:751,0
DA:752,0
DA:755,0
DA:757,0
DA:758,0
DA:759,0
DA:760,0
DA:761,0
DA:763,0
DA:766,0
DA:769,0
DA:771,0
DA:772,0
DA:773,0
DA:775,0
DA:778,0
DA:781,0
DA:783,0
DA:784,0
DA:785,0
DA:787,0
DA:790,0
DA:793,0
DA:796,0
DA:797,0
DA:798,0
DA:799,0
DA:800,0
DA:801,0
DA:803,0
DA:806,0
DA:812,0
DA:813,0
DA:815,0
DA:816,0
DA:818,0
DA:819,0
DA:821,0
DA:822,0
LF:179
LH:0
BRDA:413,0,0,0
BRDA:413,1,0,0
BRDA:413,1,1,0
BRDA:416,2,0,0
BRDA:416,2,1,0
BRDA:420,3,0,0
BRDA:420,3,1,0
BRDA:421,4,0,0
BRDA:421,4,1,0
BRDA:424,5,0,0
BRDA:424,5,1,0
BRDA:427,6,0,0
BRDA:427,6,1,0
BRDA:428,7,0,0
BRDA:428,7,1,0
BRDA:429,8,0,0
BRDA:429,8,1,0
BRDA:429,8,2,0
BRDA:432,9,0,0
BRDA:432,9,1,0
BRDA:435,10,0,0
BRDA:435,10,1,0
BRDA:436,11,0,0
BRDA:436,11,1,0
BRDA:436,11,2,0
BRDA:437,12,0,0
BRDA:437,12,1,0
BRDA:437,12,2,0
BRDA:438,13,0,0
BRDA:438,13,1,0
BRDA:506,14,0,0
BRDA:506,14,1,0
BRDA:506,14,2,0
BRDA:506,14,3,0
BRDA:506,14,4,0
BRDA:509,15,0,0
BRDA:509,15,1,0
BRDA:510,16,0,0
BRDA:510,16,1,0
BRDA:517,17,0,0
BRDA:520,18,0,0
BRDA:520,18,1,0
BRDA:526,19,0,0
BRDA:526,19,1,0
BRDA:526,19,2,0
BRDA:526,19,3,0
BRDA:526,19,4,0
BRDA:526,20,0,0
BRDA:532,21,0,0
BRDA:532,21,1,0
BRDA:533,22,0,0
BRDA:533,22,1,0
BRDA:535,23,0,0
BRDA:535,23,1,0
BRDA:557,24,0,0
BRDA:557,24,1,0
BRDA:557,24,2,0
BRDA:557,24,3,0
BRDA:557,24,4,0
BRDA:557,25,0,0
BRDA:563,26,0,0
BRDA:563,26,1,0
BRDA:584,27,0,0
BRDA:584,27,1,0
BRDA:584,27,2,0
BRDA:584,27,3,0
BRDA:584,27,4,0
BRDA:587,28,0,0
BRDA:587,28,1,0
BRDA:605,29,0,0
BRDA:605,29,1,0
BRDA:605,29,2,0
BRDA:605,29,3,0
BRDA:605,29,4,0
BRDA:605,30,0,0
BRDA:613,31,0,0
BRDA:613,31,1,0
BRDA:640,32,0,0
BRDA:640,32,1,0
BRDA:640,32,2,0
BRDA:640,32,3,0
BRDA:640,32,4,0
BRDA:643,33,0,0
BRDA:651,34,0,0
BRDA:651,34,1,0
BRDA:651,34,2,0
BRDA:651,34,3,0
BRDA:651,34,4,0
BRDA:654,35,0,0
BRDA:654,35,1,0
BRDA:666,36,0,0
BRDA:666,36,1,0
BRDA:666,36,2,0
BRDA:666,36,3,0
BRDA:666,36,4,0
BRDA:669,37,0,0
BRDA:669,37,1,0
BRDA:689,38,0,0
BRDA:689,38,1,0
BRDA:689,38,2,0
BRDA:689,38,3,0
BRDA:689,38,4,0
BRDA:689,38,5,0
BRDA:689,38,6,0
BRDA:689,39,0,0
BRDA:701,40,0,0
BRDA:701,40,1,0
BRDA:701,40,2,0
BRDA:701,40,3,0
BRDA:701,40,4,0
BRDA:701,40,5,0
BRDA:701,40,6,0
BRDA:701,40,7,0
BRDA:704,41,0,0
BRDA:701,42,0,0
BRDA:716,43,0,0
BRDA:716,43,1,0
BRDA:727,44,0,0
BRDA:727,44,1,0
BRDA:727,44,2,0
BRDA:727,44,3,0
BRDA:727,44,4,0
BRDA:730,45,0,0
BRDA:730,45,1,0
BRDA:751,46,0,0
BRDA:751,46,1,0
BRDA:751,46,2,0
BRDA:755,47,0,0
BRDA:755,47,1,0
BRDA:755,47,2,0
BRDA:755,47,3,0
BRDA:755,47,4,0
BRDA:758,48,0,0
BRDA:758,48,1,0
BRDA:769,49,0,0
BRDA:769,49,1,0
BRDA:769,49,2,0
BRDA:769,49,3,0
BRDA:769,49,4,0
BRDA:772,50,0,0
BRDA:772,50,1,0
BRDA:781,51,0,0
BRDA:781,51,1,0
BRDA:781,51,2,0
BRDA:781,51,3,0
BRDA:781,51,4,0
BRDA:784,52,0,0
BRDA:784,52,1,0
BRDA:793,53,0,0
BRDA:793,53,1,0
BRDA:793,53,2,0
BRDA:793,53,3,0
BRDA:793,53,4,0
BRDA:793,54,0,0
BRDA:798,55,0,0
BRDA:798,55,1,0
BRDA:815,56,0,0
BRDA:815,56,1,0
BRDA:815,56,2,0
BRDA:818,57,0,0
BRDA:818,57,1,0
BRDA:818,57,2,0
BRDA:821,58,0,0
BRDA:821,58,1,0
BRDA:821,58,2,0
BRF:165
BRH:0
end_of_record
TN:
SF:src\views\EditPropertyVisuals.vue
FN:198,data
FN:215,image
FN:216,min
FN:217,char
FN:220,created
FN:240,defaultResponse
FN:244,(anonymous_7)
FN:250,fetchPropertyVisuals
FN:263,loadPropertyVisual
FN:268,closePropertyVisual
FN:273,updatePropertyVisual
FN:298,loadNewPropertyVisualDialog
FN:301,backToEditScreen
FN:304,createPropertyVisual
FNF:14
FNH:0
FNDA:0,data
FNDA:0,image
FNDA:0,min
FNDA:0,char
FNDA:0,created
FNDA:0,defaultResponse
FNDA:0,(anonymous_7)
FNDA:0,fetchPropertyVisuals
FNDA:0,loadPropertyVisual
FNDA:0,closePropertyVisual
FNDA:0,updatePropertyVisual
FNDA:0,loadNewPropertyVisualDialog
FNDA:0,backToEditScreen
FNDA:0,createPropertyVisual
DA:190,0
DA:191,0
DA:198,0
DA:215,0
DA:216,0
DA:217,0
DA:221,0
DA:225,0
DA:240,0
DA:241,0
DA:242,0
DA:243,0
DA:244,0
DA:245,0
DA:246,0
DA:247,0
DA:250,0
DA:252,0
DA:253,0
DA:254,0
DA:256,0
DA:259,0
DA:260,0
DA:264,0
DA:265,0
DA:266,0
DA:269,0
DA:270,0
DA:271,0
DA:273,0
DA:275,0
DA:277,0
DA:278,0
DA:279,0
DA:280,0
DA:284,0
DA:285,0
DA:287,0
DA:291,0
DA:294,0
DA:299,0
DA:302,0
DA:304,0
DA:306,0
DA:307,0
DA:308,0
DA:310,0
DA:311,0
DA:312,0
DA:316,0
DA:317,0
DA:318,0
DA:320,0
DA:324,0
DA:325,0
DA:328,0
DA:329,0
LF:57
LH:0
BRDA:215,0,0,0
BRDA:215,0,1,0
BRDA:215,0,2,0
BRDA:216,1,0,0
BRDA:216,1,1,0
BRDA:217,2,0,0
BRDA:217,2,1,0
BRDA:250,3,0,0
BRDA:250,3,1,0
BRDA:250,3,2,0
BRDA:250,3,3,0
BRDA:250,3,4,0
BRDA:253,4,0,0
BRDA:253,4,1,0
BRDA:273,5,0,0
BRDA:273,5,1,0
BRDA:273,5,2,0
BRDA:273,5,3,0
BRDA:273,5,4,0
BRDA:273,6,0,0
BRDA:278,7,0,0
BRDA:278,7,1,0
BRDA:304,8,0,0
BRDA:304,8,1,0
BRDA:304,8,2,0
BRDA:304,8,3,0
BRDA:304,8,4,0
BRDA:304,9,0,0
BRDA:311,10,0,0
BRDA:311,10,1,0
BRF:30
BRH:0
end_of_record
TN:
SF:src\views\FavoriteProperties.vue
FNF:0
FNH:0
DA:8,0
LF:1
LH:0
BRF:0
BRH:0
end_of_record
TN:
SF:src\views\GetStarted.vue
FN:174,data
FN:185,created
FN:194,checkUserSellerStatus
FN:201,(anonymous_4)
FN:214,(anonymous_5)
FN:226,(anonymous_6)
FN:231,assignRole
FN:234,(anonymous_8)
FNF:8
FNH:0
FNDA:0,data
FNDA:0,created
FNDA:0,checkUserSellerStatus
FNDA:0,(anonymous_4)
FNDA:0,(anonymous_5)
FNDA:0,(anonymous_6)
FNDA:0,assignRole
FNDA:0,(anonymous_8)
DA:167,0
DA:168,0
DA:175,0
DA:186,0
DA:187,0
DA:194,0
DA:195,0
DA:196,0
DA:197,0
DA:198,0
DA:199,0
DA:201,0
DA:202,0
DA:203,0
DA:204,0
DA:205,0
DA:206,0
DA:208,0
DA:209,0
DA:210,0
DA:211,0
DA:212,0
DA:214,0
DA:215,0
DA:216,0
DA:217,0
DA:218,0
DA:219,0
DA:222,0
DA:226,0
DA:232,0
DA:233,0
DA:234,0
DA:235,0
DA:236,0
DA:237,0
DA:238,0
DA:241,0
LF:38
LH:0
BRDA:195,0,0,0
BRDA:195,0,1,0
BRDA:195,1,0,0
BRDA:195,1,1,0
BRDA:208,2,0,0
BRDA:208,2,1,0
BRDA:208,3,0,0
BRDA:208,3,1,0
BRDA:236,4,0,0
BRF:9
BRH:0
end_of_record
TN:
SF:src\views\Home.vue
FN:19,created
FNF:1
FNH:0
FNDA:0,created
DA:8,0
DA:9,0
DA:20,0
LF:3
LH:0
BRF:0
BRH:0
end_of_record
TN:
SF:src\views\Learn.vue
FNF:0
FNH:0
DA:7,0
LF:1
LH:0
BRF:0
BRH:0
end_of_record
TN:
SF:src\views\Login.vue
FN:114,data
FN:122,required
FN:131,defaultResponse
FN:135,(anonymous_4)
FN:141,postLoginData
FN:149,(anonymous_8)
FNF:6
FNH:0
FNDA:0,data
FNDA:0,required
FNDA:0,defaultResponse
FNDA:0,(anonymous_4)
FNDA:0,postLoginData
FNDA:0,(anonymous_8)
DA:108,0
DA:114,0
DA:122,0
DA:131,0
DA:132,0
DA:133,0
DA:134,0
DA:135,0
DA:136,0
DA:137,0
DA:138,0
DA:141,0
DA:144,0
DA:145,0
DA:146,0
DA:147,0
DA:148,0
DA:149,0
DA:150,0
DA:151,0
DA:155,0
DA:156,0
DA:159,0
DA:161,0
DA:162,0
DA:167,0
DA:168,0
LF:27
LH:0
BRDA:122,0,0,0
BRDA:122,0,1,0
BRDA:141,1,0,0
BRDA:141,1,1,0
BRDA:141,1,2,0
BRDA:141,1,3,0
BRDA:141,1,4,0
BRDA:141,1,5,0
BRDA:141,2,0,0
BRDA:146,3,0,0
BRDA:148,4,0,0
BRDA:148,4,1,0
BRDA:156,5,0,0
BRDA:156,5,1,0
BRDA:161,6,0,0
BRF:15
BRH:0
end_of_record
TN:
SF:src\views\Mortgage.vue
FN:160,data
FN:183,created
FNF:2
FNH:0
FNDA:0,data
FNDA:0,created
DA:157,0
DA:161,0
DA:184,0
LF:3
LH:0
BRF:0
BRH:0
end_of_record
TN:
SF:src\views\MortgageRates.vue
FN:150,data
FN:164,created
FNF:2
FNH:0
FNDA:0,data
FNDA:0,created
DA:147,0
DA:151,0
DA:165,0
LF:3
LH:0
BRF:0
BRH:0
end_of_record
TN:
SF:src\views\PropertiesForRent.vue
FN:20,created
FNF:1
FNH:0
FNDA:0,created
DA:8,0
DA:9,0
DA:21,0
LF:3
LH:0
BRF:0
BRH:0
end_of_record
TN:
SF:src\views\PropertiesForSale.vue
FN:20,created
FNF:1
FNH:0
FNDA:0,created
DA:8,0
DA:9,0
DA:21,0
LF:3
LH:0
BRF:0
BRH:0
end_of_record
TN:
SF:src\views\Recent.vue
FN:19,created
FNF:1
FNH:0
FNDA:0,created
DA:9,0
DA:10,0
DA:20,0
LF:3
LH:0
BRF:0
BRH:0
end_of_record
TN:
SF:src\views\RegisterProperty.vue
FN:205,data
FN:226,type
FN:227,description
FN:228,propertyDescription
FN:229,features
FN:235,imageSelectCheck
FN:259,fetchDistricts
FN:271,fetchDivisions
FN:287,fetchSuburbs
FN:303,handleImages
FN:308,defaultResponse
FN:312,(anonymous_18)
FN:318,storePropertyData
FN:321,(anonymous_20)
FN:329,(anonymous_21)
FN:338,created
FNF:16
FNH:0
FNDA:0,data
FNDA:0,type
FNDA:0,description
FNDA:0,propertyDescription
FNDA:0,features
FNDA:0,imageSelectCheck
FNDA:0,fetchDistricts
FNDA:0,fetchDivisions
FNDA:0,fetchSuburbs
FNDA:0,handleImages
FNDA:0,defaultResponse
FNDA:0,(anonymous_18)
FNDA:0,storePropertyData
FNDA:0,(anonymous_20)
FNDA:0,(anonymous_21)
FNDA:0,created
DA:195,0
DA:196,0
DA:197,0
DA:205,0
DA:226,0
DA:227,0
DA:228,0
DA:230,0
DA:231,0
DA:233,0
DA:235,0
DA:259,0
DA:261,0
DA:262,0
DA:263,0
DA:265,0
DA:268,0
DA:271,0
DA:274,0
DA:276,0
DA:277,0
DA:278,0
DA:280,0
DA:284,0
DA:287,0
DA:290,0
DA:292,0
DA:293,0
DA:294,0
DA:296,0
DA:300,0
DA:304,0
DA:305,0
DA:306,0
DA:308,0
DA:309,0
DA:310,0
DA:311,0
DA:312,0
DA:313,0
DA:314,0
DA:315,0
DA:318,0
DA:319,0
DA:320,0
DA:321,0
DA:323,0
DA:324,0
DA:325,0
DA:327,0
DA:332,0
DA:333,0
DA:339,0
DA:343,0
DA:344,0
DA:345,0
DA:346,0
LF:57
LH:0
BRDA:226,0,0,0
BRDA:226,0,1,0
BRDA:227,1,0,0
BRDA:227,1,1,0
BRDA:227,1,2,0
BRDA:228,2,0,0
BRDA:228,2,1,0
BRDA:230,3,0,0
BRDA:230,4,0,0
BRDA:230,4,1,0
BRDA:233,5,0,0
BRDA:233,5,1,0
BRDA:235,6,0,0
BRDA:235,6,1,0
BRDA:259,7,0,0
BRDA:259,7,1,0
BRDA:259,7,2,0
BRDA:259,7,3,0
BRDA:259,7,4,0
BRDA:262,8,0,0
BRDA:262,8,1,0
BRDA:271,9,0,0
BRDA:271,9,1,0
BRDA:271,9,2,0
BRDA:271,9,3,0
BRDA:271,9,4,0
BRDA:271,9,5,0
BRDA:271,9,6,0
BRDA:271,10,0,0
BRDA:277,11,0,0
BRDA:277,11,1,0
BRDA:287,12,0,0
BRDA:287,12,1,0
BRDA:287,12,2,0
BRDA:287,12,3,0
BRDA:287,12,4,0
BRDA:287,12,5,0
BRDA:287,12,6,0
BRDA:287,13,0,0
BRDA:293,14,0,0
BRDA:293,14,1,0
BRDA:304,15,0,0
BRDA:304,15,1,0
BRDA:319,16,0,0
BRDA:324,17,0,0
BRDA:324,17,1,0
BRF:46
BRH:0
end_of_record
TN:
SF:src\views\RegisterProperty2.vue
FN:140,data
FN:141,(anonymous_2)
FN:156,expected_value
FN:157,imageSelectCheck
FN:158,description
FN:171,handleImages
FN:179,storePropertyData
FN:181,(anonymous_8)
FN:190,created
FNF:9
FNH:0
FNDA:0,data
FNDA:0,(anonymous_2)
FNDA:0,expected_value
FNDA:0,imageSelectCheck
FNDA:0,description
FNDA:0,handleImages
FNDA:0,storePropertyData
FNDA:0,(anonymous_8)
FNDA:0,created
DA:131,0
DA:132,0
DA:133,0
DA:140,0
DA:142,0
DA:156,0
DA:157,0
DA:158,0
DA:172,0
DA:173,0
DA:177,0
DA:179,0
DA:180,0
DA:181,0
DA:191,0
DA:195,0
LF:16
LH:0
BRDA:142,0,0,0
BRDA:142,0,1,0
BRDA:142,0,2,0
BRDA:156,1,0,0
BRDA:156,1,1,0
BRDA:157,2,0,0
BRDA:157,2,1,0
BRDA:158,3,0,0
BRDA:158,3,1,0
BRDA:158,3,2,0
BRDA:172,4,0,0
BRDA:172,4,1,0
BRDA:180,5,0,0
BRF:13
BRH:0
end_of_record
TN:
SF:src\views\RegisterProperty3.vue
FN:135,data
FN:142,landmark_name
FN:143,distance_from_property
FN:144,landmark_type_id
FN:145,imageSelectCheck
FN:146,description
FN:161,created
FN:175,handleImages
FN:183,defaultResponse
FN:188,(anonymous_10)
FN:194,submitFinalData
FN:216,(anonymous_14)
FN:235,(anonymous_15)
FNF:13
FNH:0
FNDA:0,data
FNDA:0,landmark_name
FNDA:0,distance_from_property
FNDA:0,landmark_type_id
FNDA:0,imageSelectCheck
FNDA:0,description
FNDA:0,created
FNDA:0,handleImages
FNDA:0,defaultResponse
FNDA:0,(anonymous_10)
FNDA:0,submitFinalData
FNDA:0,(anonymous_14)
FNDA:0,(anonymous_15)
DA:129,0
DA:130,0
DA:131,0
DA:135,0
DA:142,0
DA:143,0
DA:144,0
DA:145,0
DA:146,0
DA:162,0
DA:166,0
DA:176,0
DA:177,0
DA:181,0
DA:183,0
DA:184,0
DA:185,0
DA:186,0
DA:188,0
DA:189,0
DA:190,0
DA:191,0
DA:194,0
DA:196,0
DA:199,0
DA:202,0
DA:210,0
DA:211,0
DA:215,0
DA:216,0
DA:217,0
DA:221,0
DA:229,0
DA:230,0
DA:234,0
DA:235,0
DA:236,0
LF:37
LH:0
BRDA:142,0,0,0
BRDA:142,0,1,0
BRDA:143,1,0,0
BRDA:143,1,1,0
BRDA:144,2,0,0
BRDA:144,2,1,0
BRDA:145,3,0,0
BRDA:145,3,1,0
BRDA:146,4,0,0
BRDA:146,4,1,0
BRDA:176,5,0,0
BRDA:176,5,1,0
BRDA:194,6,0,0
BRDA:194,6,1,0
BRDA:194,6,2,0
BRDA:194,6,3,0
BRDA:194,6,4,0
BRDA:194,7,0,0
BRDA:202,8,0,0
BRDA:202,9,0,0
BRDA:202,9,1,0
BRDA:202,9,2,0
BRDA:202,9,3,0
BRDA:202,9,4,0
BRDA:202,9,5,0
BRDA:221,10,0,0
BRDA:221,11,0,0
BRDA:221,11,1,0
BRDA:221,11,2,0
BRDA:221,11,3,0
BRDA:221,11,4,0
BRDA:221,11,5,0
BRF:32
BRH:0
end_of_record
TN:
SF:src\views\RegisterPropertyRequirements.vue
FN:188,data
FN:202,created
FNF:2
FNH:0
FNDA:0,data
FNDA:0,created
DA:180,0
DA:181,0
DA:188,0
DA:203,0
LF:4
LH:0
BRF:0
BRH:0
end_of_record
TN:
SF:src\views\RegisterRentalProperty.vue
FN:194,data
FN:215,type
FN:216,description
FN:217,propertyDescription
FN:218,features
FN:224,imageSelectCheck
FN:253,fetchDistricts
FN:265,fetchDivisions
FN:281,fetchSuburbs
FN:297,handleImages
FN:302,defaultResponse
FN:306,(anonymous_18)
FN:312,storePropertyData
FN:315,(anonymous_20)
FN:323,(anonymous_21)
FN:331,created
FNF:16
FNH:0
FNDA:0,data
FNDA:0,type
FNDA:0,description
FNDA:0,propertyDescription
FNDA:0,features
FNDA:0,imageSelectCheck
FNDA:0,fetchDistricts
FNDA:0,fetchDivisions
FNDA:0,fetchSuburbs
FNDA:0,handleImages
FNDA:0,defaultResponse
FNDA:0,(anonymous_18)
FNDA:0,storePropertyData
FNDA:0,(anonymous_20)
FNDA:0,(anonymous_21)
FNDA:0,created
DA:185,0
DA:186,0
DA:190,0
DA:194,0
DA:215,0
DA:216,0
DA:217,0
DA:219,0
DA:220,0
DA:222,0
DA:224,0
DA:253,0
DA:255,0
DA:256,0
DA:257,0
DA:259,0
DA:262,0
DA:265,0
DA:268,0
DA:270,0
DA:271,0
DA:272,0
DA:274,0
DA:278,0
DA:281,0
DA:284,0
DA:286,0
DA:287,0
DA:288,0
DA:290,0
DA:294,0
DA:298,0
DA:299,0
DA:300,0
DA:302,0
DA:303,0
DA:304,0
DA:305,0
DA:306,0
DA:307,0
DA:308,0
DA:309,0
DA:312,0
DA:313,0
DA:314,0
DA:315,0
DA:317,0
DA:318,0
DA:319,0
DA:321,0
DA:325,0
DA:326,0
DA:332,0
DA:336,0
DA:337,0
DA:338,0
DA:339,0
LF:57
LH:0
BRDA:215,0,0,0
BRDA:215,0,1,0
BRDA:216,1,0,0
BRDA:216,1,1,0
BRDA:216,1,2,0
BRDA:217,2,0,0
BRDA:217,2,1,0
BRDA:219,3,0,0
BRDA:219,4,0,0
BRDA:219,4,1,0
BRDA:222,5,0,0
BRDA:222,5,1,0
BRDA:224,6,0,0
BRDA:224,6,1,0
BRDA:253,7,0,0
BRDA:253,7,1,0
BRDA:253,7,2,0
BRDA:253,7,3,0
BRDA:253,7,4,0
BRDA:256,8,0,0
BRDA:256,8,1,0
BRDA:265,9,0,0
BRDA:265,9,1,0
BRDA:265,9,2,0
BRDA:265,9,3,0
BRDA:265,9,4,0
BRDA:265,9,5,0
BRDA:265,9,6,0
BRDA:265,10,0,0
BRDA:271,11,0,0
BRDA:271,11,1,0
BRDA:281,12,0,0
BRDA:281,12,1,0
BRDA:281,12,2,0
BRDA:281,12,3,0
BRDA:281,12,4,0
BRDA:281,12,5,0
BRDA:281,12,6,0
BRDA:281,13,0,0
BRDA:287,14,0,0
BRDA:287,14,1,0
BRDA:298,15,0,0
BRDA:298,15,1,0
BRDA:313,16,0,0
BRDA:318,17,0,0
BRDA:318,17,1,0
BRF:46
BRH:0
end_of_record
TN:
SF:src\views\RegisterRentalPropertyRequirements.vue
FN:188,data
FN:202,created
FNF:2
FNH:0
FNDA:0,data
FNDA:0,created
DA:180,0
DA:181,0
DA:188,0
DA:203,0
LF:4
LH:0
BRF:0
BRH:0
end_of_record
TN:
SF:src\views\SearchedResults.vue
FNF:0
FNH:0
DA:8,0
LF:1
LH:0
BRF:0
BRH:0
end_of_record
TN:
SF:src\views\SellerPropertiesDetails.vue
FN:219,data
FN:287,defaultResponse
FN:291,(anonymous_3)
FN:298,changeAvailabilityToNotAvailable
FN:318,changeAvailabilityToAvailable
FN:338,fetchListedProperties
FN:348,fetchUnlistedProperties
FN:358,fetchUncertifiedProperties
FN:370,changeRentalAvailabilityToNotAvailable
FN:390,changeRentalAvailabilityToAvailable
FN:410,fetchListedRentals
FN:420,fetchUnlistedRentals
FN:430,fetchUncertifiedRentals
FN:441,navigateToEditSection
FN:444,viewPropertyDetails
FN:448,created
FNF:16
FNH:0
FNDA:0,data
FNDA:0,defaultResponse
FNDA:0,(anonymous_3)
FNDA:0,changeAvailabilityToNotAvailable
FNDA:0,changeAvailabilityToAvailable
FNDA:0,fetchListedProperties
FNDA:0,fetchUnlistedProperties
FNDA:0,fetchUncertifiedProperties
FNDA:0,changeRentalAvailabilityToNotAvailable
FNDA:0,changeRentalAvailabilityToAvailable
FNDA:0,fetchListedRentals
FNDA:0,fetchUnlistedRentals
FNDA:0,fetchUncertifiedRentals
FNDA:0,navigateToEditSection
FNDA:0,viewPropertyDetails
FNDA:0,created
DA:206,0
DA:207,0
DA:208,0
DA:219,0
DA:287,0
DA:288,0
DA:289,0
DA:290,0
DA:291,0
DA:292,0
DA:293,0
DA:294,0
DA:298,0
DA:302,0
DA:306,0
DA:307,0
DA:308,0
DA:309,0
DA:311,0
DA:315,0
DA:318,0
DA:322,0
DA:326,0
DA:327,0
DA:328,0
DA:329,0
DA:331,0
DA:335,0
DA:338,0
DA:340,0
DA:341,0
DA:342,0
DA:345,0
DA:348,0
DA:350,0
DA:351,0
DA:352,0
DA:355,0
DA:358,0
DA:360,0
DA:361,0
DA:362,0
DA:365,0
DA:370,0
DA:374,0
DA:378,0
DA:379,0
DA:380,0
DA:381,0
DA:383,0
DA:387,0
DA:390,0
DA:394,0
DA:398,0
DA:399,0
DA:400,0
DA:401,0
DA:403,0
DA:407,0
DA:410,0
DA:412,0
DA:413,0
DA:414,0
DA:417,0
DA:420,0
DA:422,0
DA:423,0
DA:424,0
DA:427,0
DA:430,0
DA:432,0
DA:433,0
DA:434,0
DA:437,0
DA:442,0
DA:445,0
DA:449,0
DA:453,0
DA:454,0
DA:455,0
DA:456,0
DA:457,0
DA:458,0
LF:83
LH:0
BRDA:298,0,0,0
BRDA:298,0,1,0
BRDA:298,0,2,0
BRDA:298,0,3,0
BRDA:298,0,4,0
BRDA:306,1,0,0
BRDA:306,1,1,0
BRDA:318,2,0,0
BRDA:318,2,1,0
BRDA:318,2,2,0
BRDA:318,2,3,0
BRDA:318,2,4,0
BRDA:326,3,0,0
BRDA:326,3,1,0
BRDA:338,4,0,0
BRDA:338,4,1,0
BRDA:338,4,2,0
BRDA:338,4,3,0
BRDA:338,4,4,0
BRDA:341,5,0,0
BRDA:348,6,0,0
BRDA:348,6,1,0
BRDA:348,6,2,0
BRDA:348,6,3,0
BRDA:348,6,4,0
BRDA:351,7,0,0
BRDA:358,8,0,0
BRDA:358,8,1,0
BRDA:358,8,2,0
BRDA:358,8,3,0
BRDA:358,8,4,0
BRDA:361,9,0,0
BRDA:370,10,0,0
BRDA:370,10,1,0
BRDA:370,10,2,0
BRDA:370,10,3,0
BRDA:370,10,4,0
BRDA:378,11,0,0
BRDA:378,11,1,0
BRDA:390,12,0,0
BRDA:390,12,1,0
BRDA:390,12,2,0
BRDA:390,12,3,0
BRDA:390,12,4,0
BRDA:398,13,0,0
BRDA:398,13,1,0
BRDA:410,14,0,0
BRDA:410,14,1,0
BRDA:410,14,2,0
BRDA:410,14,3,0
BRDA:410,14,4,0
BRDA:413,15,0,0
BRDA:420,16,0,0
BRDA:420,16,1,0
BRDA:420,16,2,0
BRDA:420,16,3,0
BRDA:420,16,4,0
BRDA:423,17,0,0
BRDA:430,18,0,0
BRDA:430,18,1,0
BRDA:430,18,2,0
BRDA:430,18,3,0
BRDA:430,18,4,0
BRDA:433,19,0,0
BRF:64
BRH:0
end_of_record
TN:
SF:src\views\ServiceProviderRegistration.vue
FN:95,data
FN:107,required
FN:108,min
FN:109,phoneLength
FN:111,email
FN:118,created
FN:121,mounted
FN:126,defaultResponse
FN:131,(anonymous_9)
FN:137,getVendorsCategories
FN:147,postingVendor
FN:156,(anonymous_16)
FN:166,loadVendorData
FNF:13
FNH:0
FNDA:0,data
FNDA:0,required
FNDA:0,min
FNDA:0,phoneLength
FNDA:0,email
FNDA:0,created
FNDA:0,mounted
FNDA:0,defaultResponse
FNDA:0,(anonymous_9)
FNDA:0,getVendorsCategories
FNDA:0,postingVendor
FNDA:0,(anonymous_16)
FNDA:0,loadVendorData
DA:87,0
DA:88,0
DA:89,0
DA:90,0
DA:95,0
DA:107,0
DA:108,0
DA:109,0
DA:111,0
DA:119,0
DA:122,0
DA:126,0
DA:127,0
DA:128,0
DA:129,0
DA:131,0
DA:132,0
DA:133,0
DA:134,0
DA:137,0
DA:139,0
DA:140,0
DA:141,0
DA:144,0
DA:147,0
DA:148,0
DA:153,0
DA:154,0
DA:155,0
DA:156,0
DA:157,0
DA:160,0
DA:163,0
DA:167,0
LF:34
LH:0
BRDA:107,0,0,0
BRDA:107,0,1,0
BRDA:108,1,0,0
BRDA:108,1,1,0
BRDA:108,1,2,0
BRDA:109,2,0,0
BRDA:109,2,1,0
BRDA:109,2,2,0
BRDA:111,3,0,0
BRDA:111,3,1,0
BRDA:137,4,0,0
BRDA:137,4,1,0
BRDA:137,4,2,0
BRDA:137,4,3,0
BRDA:137,4,4,0
BRDA:140,5,0,0
BRDA:147,6,0,0
BRDA:147,6,1,0
BRDA:147,6,2,0
BRDA:147,6,3,0
BRDA:147,6,4,0
BRDA:154,7,0,0
BRDA:154,7,1,0
BRF:23
BRH:0
end_of_record
TN:
SF:src\views\SignUp.vue
FN:116,data
FN:125,required
FN:126,min
FN:127,password
FN:128,nameMin
FN:129,char
FN:131,(anonymous_7)
FN:132,(anonymous_8)
FN:135,(anonymous_9)
FN:136,(anonymous_10)
FN:137,(anonymous_11)
FN:138,(anonymous_12)
FN:144,defaultResponse
FN:149,(anonymous_14)
FN:155,postNewUserData
FN:165,(anonymous_18)
FN:180,closeDialog
FN:184,closeFailureDialog
FN:189,passwordMatch
FN:190,(anonymous_22)
FNF:20
FNH:0
FNDA:0,data
FNDA:0,required
FNDA:0,min
FNDA:0,password
FNDA:0,nameMin
FNDA:0,char
FNDA:0,(anonymous_7)
FNDA:0,(anonymous_8)
FNDA:0,(anonymous_9)
FNDA:0,(anonymous_10)
FNDA:0,(anonymous_11)
FNDA:0,(anonymous_12)
FNDA:0,defaultResponse
FNDA:0,(anonymous_14)
FNDA:0,postNewUserData
FNDA:0,(anonymous_18)
FNDA:0,closeDialog
FNDA:0,closeFailureDialog
FNDA:0,passwordMatch
FNDA:0,(anonymous_22)
DA:111,0
DA:116,0
DA:125,0
DA:126,0
DA:127,0
DA:128,0
DA:129,0
DA:132,0
DA:133,0
DA:136,0
DA:137,0
DA:138,0
DA:139,0
DA:144,0
DA:145,0
DA:146,0
DA:147,0
DA:149,0
DA:150,0
DA:151,0
DA:152,0
DA:155,0
DA:158,0
DA:159,0
DA:160,0
DA:161,0
DA:163,0
DA:164,0
DA:165,0
DA:166,0
DA:170,0
DA:171,0
DA:172,0
DA:176,0
DA:177,0
DA:181,0
DA:182,0
DA:185,0
DA:189,0
DA:190,0
LF:40
LH:0
BRDA:125,0,0,0
BRDA:125,0,1,0
BRDA:126,1,0,0
BRDA:126,1,1,0
BRDA:126,1,2,0
BRDA:127,2,0,0
BRDA:127,2,1,0
BRDA:128,3,0,0
BRDA:128,3,1,0
BRDA:128,3,2,0
BRDA:129,4,0,0
BRDA:129,4,1,0
BRDA:132,5,0,0
BRDA:132,5,1,0
BRDA:133,6,0,0
BRDA:133,6,1,0
BRDA:136,7,0,0
BRDA:136,7,1,0
BRDA:137,8,0,0
BRDA:137,8,1,0
BRDA:137,8,2,0
BRDA:138,9,0,0
BRDA:138,9,1,0
BRDA:138,9,2,0
BRDA:139,10,0,0
BRDA:139,10,1,0
BRDA:155,11,0,0
BRDA:155,11,1,0
BRDA:155,11,2,0
BRDA:155,11,3,0
BRDA:155,11,4,0
BRDA:155,11,5,0
BRDA:155,11,6,0
BRDA:155,12,0,0
BRDA:170,13,0,0
BRDA:190,14,0,0
BRDA:190,14,1,0
BRF:37
BRH:0
end_of_record
TN:
SF:src\views\SingleProperty.vue
FN:130,data
FN:157,created
FN:169,beforeRouteLeave
FN:184,defaultResponse
FN:189,(anonymous_5)
FN:195,fetchCurrentPropertyData
FN:224,fetchPropertyLegalProtection
FN:269,backToProperty
FNF:8
FNH:0
FNDA:0,data
FNDA:0,created
FNDA:0,beforeRouteLeave
FNDA:0,defaultResponse
FNDA:0,(anonymous_5)
FNDA:0,fetchCurrentPropertyData
FNDA:0,fetchPropertyLegalProtection
FNDA:0,backToProperty
DA:126,0
DA:131,0
DA:158,0
DA:162,0
DA:163,0
DA:164,0
DA:165,0
DA:166,0
DA:167,0
DA:170,0
DA:171,0
DA:184,0
DA:185,0
DA:186,0
DA:187,0
DA:189,0
DA:190,0
DA:191,0
DA:192,0
DA:195,0
DA:197,0
DA:198,0
DA:199,0
DA:218,0
DA:221,0
DA:224,0
DA:226,0
DA:227,0
DA:228,0
DA:263,0
DA:266,0
DA:271,0
LF:32
LH:0
BRDA:195,0,0,0
BRDA:195,0,1,0
BRDA:195,0,2,0
BRDA:195,0,3,0
BRDA:195,0,4,0
BRDA:198,1,0,0
BRDA:198,1,1,0
BRDA:202,2,0,0
BRDA:202,2,1,0
BRDA:206,3,0,0
BRDA:206,3,1,0
BRDA:224,4,0,0
BRDA:224,4,1,0
BRDA:224,4,2,0
BRDA:224,4,3,0
BRDA:224,4,4,0
BRDA:227,5,0,0
BRDA:227,5,1,0
BRF:18
BRH:0
end_of_record
TN:
SF:src\views\UserAcquiredProperties.vue
FN:18,created
FNF:1
FNH:0
FNDA:0,created
DA:8,0
DA:9,0
DA:19,0
LF:3
LH:0
BRF:0
BRH:0
end_of_record
TN:
SF:src\views\UserInterestedProperties.vue
FN:18,created
FNF:1
FNH:0
FNDA:0,created
DA:8,0
DA:9,0
DA:19,0
LF:3
LH:0
BRF:0
BRH:0
end_of_record
TN:
SF:src\views\UserProfile.vue
FN:98,data
FN:110,secondary_email
FN:111,secondary_contact
FN:113,business_location
FN:116,created
FN:124,defaultResponse
FN:129,(anonymous_7)
FN:135,updateUserDetails
FN:153,(anonymous_11)
FN:154,(anonymous_12)
FNF:10
FNH:0
FNDA:0,data
FNDA:0,secondary_email
FNDA:0,secondary_contact
FNDA:0,business_location
FNDA:0,created
FNDA:0,defaultResponse
FNDA:0,(anonymous_7)
FNDA:0,updateUserDetails
FNDA:0,(anonymous_11)
FNDA:0,(anonymous_12)
DA:91,0
DA:92,0
DA:98,0
DA:110,0
DA:111,0
DA:113,0
DA:117,0
DA:124,0
DA:125,0
DA:126,0
DA:127,0
DA:129,0
DA:130,0
DA:131,0
DA:132,0
DA:135,0
DA:136,0
DA:137,0
DA:138,0
DA:139,0
DA:140,0
DA:141,0
DA:147,0
DA:148,0
DA:152,0
DA:153,0
DA:154,0
DA:155,0
DA:158,0
DA:162,0
DA:166,0
LF:31
LH:0
BRDA:110,0,0,0
BRDA:110,0,1,0
BRDA:111,1,0,0
BRDA:111,1,1,0
BRDA:111,1,2,0
BRDA:113,2,0,0
BRDA:113,2,1,0
BRDA:135,3,0,0
BRDA:135,3,1,0
BRDA:135,3,2,0
BRDA:135,3,3,0
BRDA:135,3,4,0
BRDA:135,3,5,0
BRDA:135,4,0,0
BRDA:148,5,0,0
BRDA:148,5,1,0
BRDA:148,6,0,0
BRDA:148,6,1,0
BRDA:155,7,0,0
BRDA:155,7,1,0
BRF:20
BRH:0
end_of_record
TN:
SF:src\views\UserlogActivities.vue
FNF:0
FNH:0
DA:8,0
DA:9,0
DA:10,0
LF:3
LH:0
BRF:0
BRH:0
end_of_record
TN:
SF:src\views\ViewUserProfile.vue
FNF:0
FNH:0
DA:91,0
LF:1
LH:0
BRF:0
BRH:0
end_of_record
